This file contains any messages produced by compilers while
running configure, to aid debugging if configure makes a mistake.

It was created by fastrtps configure 1.5.0, which was
generated by GNU Autoconf 2.69.  Invocation command line was

  $ ./configure --libdir=/usr/lib

## --------- ##
## Platform. ##
## --------- ##

hostname = Somidi
uname -m = x86_64
uname -r = 4.8.0-36-generic
uname -s = Linux
uname -v = #36~16.04.1-Ubuntu SMP Sun Feb 5 09:39:57 UTC 2017

/usr/bin/uname -p = unknown
/bin/uname -X     = unknown

/bin/arch              = unknown
/usr/bin/arch -k       = unknown
/usr/convex/getsysinfo = unknown
/usr/bin/hostinfo      = unknown
/bin/machine           = unknown
/usr/bin/oslevel       = unknown
/bin/universe          = unknown

PATH: /opt/ros/kinetic/bin
PATH: /usr/local/cuda-9.0/bin
PATH: /home/bhagyasyam/bin
PATH: /home/bhagyasyam/.local/bin
PATH: /usr/local/sbin
PATH: /usr/local/bin
PATH: /usr/sbin
PATH: /usr/bin
PATH: /sbin
PATH: /bin
PATH: /usr/games
PATH: /usr/local/games
PATH: /snap/bin


## ----------- ##
## Core tests. ##
## ----------- ##

configure:2321: checking for a BSD-compatible install
configure:2389: result: /usr/bin/install -c
configure:2400: checking whether build environment is sane
configure:2455: result: yes
configure:2606: checking for a thread-safe mkdir -p
configure:2645: result: /bin/mkdir -p
configure:2652: checking for gawk
configure:2668: found /usr/bin/gawk
configure:2679: result: gawk
configure:2690: checking whether make sets $(MAKE)
configure:2712: result: yes
configure:2741: checking whether make supports nested variables
configure:2758: result: yes
configure:2900: checking for style of include used by make
configure:2928: result: GNU
configure:3009: checking for g++
configure:3025: found /usr/bin/g++
configure:3036: result: g++
configure:3063: checking for C++ compiler version
configure:3072: g++ --version >&5
g++ (Ubuntu 5.4.0-6ubuntu1~16.04.9) 5.4.0 20160609
Copyright (C) 2015 Free Software Foundation, Inc.
This is free software; see the source for copying conditions.  There is NO
warranty; not even for MERCHANTABILITY or FITNESS FOR A PARTICULAR PURPOSE.

configure:3083: $? = 0
configure:3072: g++ -v >&5
Using built-in specs.
COLLECT_GCC=g++
COLLECT_LTO_WRAPPER=/usr/lib/gcc/x86_64-linux-gnu/5/lto-wrapper
Target: x86_64-linux-gnu
Configured with: ../src/configure -v --with-pkgversion='Ubuntu 5.4.0-6ubuntu1~16.04.9' --with-bugurl=file:///usr/share/doc/gcc-5/README.Bugs --enable-languages=c,ada,c++,java,go,d,fortran,objc,obj-c++ --prefix=/usr --program-suffix=-5 --enable-shared --enable-linker-build-id --libexecdir=/usr/lib --without-included-gettext --enable-threads=posix --libdir=/usr/lib --enable-nls --with-sysroot=/ --enable-clocale=gnu --enable-libstdcxx-debug --enable-libstdcxx-time=yes --with-default-libstdcxx-abi=new --enable-gnu-unique-object --disable-vtable-verify --enable-libmpx --enable-plugin --with-system-zlib --disable-browser-plugin --enable-java-awt=gtk --enable-gtk-cairo --with-java-home=/usr/lib/jvm/java-1.5.0-gcj-5-amd64/jre --enable-java-home --with-jvm-root-dir=/usr/lib/jvm/java-1.5.0-gcj-5-amd64 --with-jvm-jar-dir=/usr/lib/jvm-exports/java-1.5.0-gcj-5-amd64 --with-arch-directory=amd64 --with-ecj-jar=/usr/share/java/eclipse-ecj.jar --enable-objc-gc --enable-multiarch --disable-werror --with-arch-32=i686 --with-abi=m64 --with-multilib-list=m32,m64,mx32 --enable-multilib --with-tune=generic --enable-checking=release --build=x86_64-linux-gnu --host=x86_64-linux-gnu --target=x86_64-linux-gnu
Thread model: posix
gcc version 5.4.0 20160609 (Ubuntu 5.4.0-6ubuntu1~16.04.9) 
configure:3083: $? = 0
configure:3072: g++ -V >&5
g++: error: unrecognized command line option '-V'
g++: fatal error: no input files
compilation terminated.
configure:3083: $? = 1
configure:3072: g++ -qversion >&5
g++: error: unrecognized command line option '-qversion'
g++: fatal error: no input files
compilation terminated.
configure:3083: $? = 1
configure:3103: checking whether the C++ compiler works
configure:3125: g++    conftest.cpp  >&5
configure:3129: $? = 0
configure:3177: result: yes
configure:3180: checking for C++ compiler default output file name
configure:3182: result: a.out
configure:3188: checking for suffix of executables
configure:3195: g++ -o conftest    conftest.cpp  >&5
configure:3199: $? = 0
configure:3221: result: 
configure:3243: checking whether we are cross compiling
configure:3251: g++ -o conftest    conftest.cpp  >&5
configure:3255: $? = 0
configure:3262: ./conftest
configure:3266: $? = 0
configure:3281: result: no
configure:3286: checking for suffix of object files
configure:3308: g++ -c   conftest.cpp >&5
configure:3312: $? = 0
configure:3333: result: o
configure:3337: checking whether we are using the GNU C++ compiler
configure:3356: g++ -c   conftest.cpp >&5
configure:3356: $? = 0
configure:3365: result: yes
configure:3374: checking whether g++ accepts -g
configure:3394: g++ -c -g  conftest.cpp >&5
configure:3394: $? = 0
configure:3435: result: yes
configure:3460: checking dependency style of g++
configure:3571: result: gcc3
configure:3594: checking whether g++ supports C++11 features by default
configure:3651: g++ -c -g -O2  conftest.cpp >&5
conftest.cpp:16:21: error: expected identifier before 'sizeof'
       static_assert(sizeof(int) <= sizeof(T), "not big enough");
                     ^
conftest.cpp:16:21: error: expected ',' or '...' before 'sizeof'
conftest.cpp:16:63: error: ISO C++ forbids declaration of 'static_assert' with no type [-fpermissive]
       static_assert(sizeof(int) <= sizeof(T), "not big enough");
                                                               ^
conftest.cpp:23:20: warning: override controls (override/final) only available with -std=c++11 or -std=gnu++11
     virtual void f() override {}
                    ^
conftest.cpp:26:29: error: '>>' should be '> >' within a nested template argument list
     typedef check<check<bool>> right_angle_brackets;
                             ^
conftest.cpp:29:13: error: expected constructor, destructor, or type conversion before '(' token
     decltype(a) b;
             ^
conftest.cpp:33:15: error: expected unqualified-id before '&&' token
     check_type&& cr = static_cast<check_type&&>(c);
               ^
conftest.cpp:35:10: error: 'd' does not name a type
     auto d = a;
          ^
conftest.cpp:36:10: error: 'l' does not name a type
     auto l = [](){};
          ^
conftest.cpp: In constructor 'use_l::use_l()':
conftest.cpp:38:32: error: 'l' was not declared in this scope
     struct use_l { use_l() { l(); } };
                                ^
conftest.cpp: At global scope:
conftest.cpp:46:9: error: expected unqualified-id before 'using'
         using member = typename T::member_type;
         ^
conftest.cpp:52:19: error: variable or field 'func' declared void
         void func(member<T>*) {}
                   ^
conftest.cpp:52:19: error: 'member' was not declared in this scope
conftest.cpp:52:27: error: expected primary-expression before '>' token
         void func(member<T>*) {}
                           ^
conftest.cpp:52:29: error: expected primary-expression before ')' token
         void func(member<T>*) {}
                             ^
configure:3651: $? = 1
configure: failed program was:
| /* confdefs.h */
| #define PACKAGE_NAME "fastrtps"
| #define PACKAGE_TARNAME "eProsima FastRTPS"
| #define PACKAGE_VERSION "1.5.0"
| #define PACKAGE_STRING "fastrtps 1.5.0"
| #define PACKAGE_BUGREPORT "support@eprosima.com"
| #define PACKAGE_URL "http://eprosima.com/"
| #define FASTRTPS_VERSION_MAJOR 1
| #define FASTRTPS_VERSION_MINOR 5
| #define FASTRTPS_VERSION_MICRO 0
| /* end confdefs.h.  */
| 
|   template <typename T>
|     struct check
|     {
|       static_assert(sizeof(int) <= sizeof(T), "not big enough");
|     };
| 
|     struct Base {
|     virtual void f() {}
|     };
|     struct Child : public Base {
|     virtual void f() override {}
|     };
| 
|     typedef check<check<bool>> right_angle_brackets;
| 
|     int a;
|     decltype(a) b;
| 
|     typedef check<int> check_type;
|     check_type c;
|     check_type&& cr = static_cast<check_type&&>(c);
| 
|     auto d = a;
|     auto l = [](){};
|     // Prevent Clang error: unused variable 'l' [-Werror,-Wunused-variable]
|     struct use_l { use_l() { l(); } };
| 
|     // http://stackoverflow.com/questions/13728184/template-aliases-and-sfinae
|     // Clang 3.1 fails with headers of libstd++ 4.8.3 when using std::function because of this
|     namespace test_template_alias_sfinae {
|         struct foo {};
| 
|         template<typename T>
|         using member = typename T::member_type;
| 
|         template<typename T>
|         void func(...) {}
| 
|         template<typename T>
|         void func(member<T>*) {}
| 
|         void test();
| 
|         void test() {
|             func<foo>(0);
|         }
|     }
| 
configure:3658: result: no
configure:3667: checking whether g++ supports C++11 features with -std=gnu++11
configure:3726: g++ -c -g -O2 -std=gnu++11  conftest.cpp >&5
configure:3726: $? = 0
configure:3735: result: yes
configure:4098: checking for gcc
configure:4114: found /usr/bin/gcc
configure:4125: result: gcc
configure:4354: checking for C compiler version
configure:4363: gcc --version >&5
gcc (Ubuntu 5.4.0-6ubuntu1~16.04.9) 5.4.0 20160609
Copyright (C) 2015 Free Software Foundation, Inc.
This is free software; see the source for copying conditions.  There is NO
warranty; not even for MERCHANTABILITY or FITNESS FOR A PARTICULAR PURPOSE.

configure:4374: $? = 0
configure:4363: gcc -v >&5
Using built-in specs.
COLLECT_GCC=gcc
COLLECT_LTO_WRAPPER=/usr/lib/gcc/x86_64-linux-gnu/5/lto-wrapper
Target: x86_64-linux-gnu
Configured with: ../src/configure -v --with-pkgversion='Ubuntu 5.4.0-6ubuntu1~16.04.9' --with-bugurl=file:///usr/share/doc/gcc-5/README.Bugs --enable-languages=c,ada,c++,java,go,d,fortran,objc,obj-c++ --prefix=/usr --program-suffix=-5 --enable-shared --enable-linker-build-id --libexecdir=/usr/lib --without-included-gettext --enable-threads=posix --libdir=/usr/lib --enable-nls --with-sysroot=/ --enable-clocale=gnu --enable-libstdcxx-debug --enable-libstdcxx-time=yes --with-default-libstdcxx-abi=new --enable-gnu-unique-object --disable-vtable-verify --enable-libmpx --enable-plugin --with-system-zlib --disable-browser-plugin --enable-java-awt=gtk --enable-gtk-cairo --with-java-home=/usr/lib/jvm/java-1.5.0-gcj-5-amd64/jre --enable-java-home --with-jvm-root-dir=/usr/lib/jvm/java-1.5.0-gcj-5-amd64 --with-jvm-jar-dir=/usr/lib/jvm-exports/java-1.5.0-gcj-5-amd64 --with-arch-directory=amd64 --with-ecj-jar=/usr/share/java/eclipse-ecj.jar --enable-objc-gc --enable-multiarch --disable-werror --with-arch-32=i686 --with-abi=m64 --with-multilib-list=m32,m64,mx32 --enable-multilib --with-tune=generic --enable-checking=release --build=x86_64-linux-gnu --host=x86_64-linux-gnu --target=x86_64-linux-gnu
Thread model: posix
gcc version 5.4.0 20160609 (Ubuntu 5.4.0-6ubuntu1~16.04.9) 
configure:4374: $? = 0
configure:4363: gcc -V >&5
gcc: error: unrecognized command line option '-V'
gcc: fatal error: no input files
compilation terminated.
configure:4374: $? = 1
configure:4363: gcc -qversion >&5
gcc: error: unrecognized command line option '-qversion'
gcc: fatal error: no input files
compilation terminated.
configure:4374: $? = 1
configure:4378: checking whether we are using the GNU C compiler
configure:4397: gcc -c   conftest.c >&5
configure:4397: $? = 0
configure:4406: result: yes
configure:4415: checking whether gcc accepts -g
configure:4435: gcc -c -g  conftest.c >&5
configure:4435: $? = 0
configure:4476: result: yes
configure:4493: checking for gcc option to accept ISO C89
configure:4556: gcc  -c -g -O2  conftest.c >&5
configure:4556: $? = 0
configure:4569: result: none needed
configure:4594: checking whether gcc understands -c and -o together
configure:4616: gcc -c conftest.c -o conftest2.o
configure:4619: $? = 0
configure:4616: gcc -c conftest.c -o conftest2.o
configure:4619: $? = 0
configure:4631: result: yes
configure:4650: checking dependency style of gcc
configure:4761: result: gcc3
configure:4782: checking how to run the C preprocessor
configure:4813: gcc -E  conftest.c
configure:4813: $? = 0
configure:4827: gcc -E  conftest.c
conftest.c:15:28: fatal error: ac_nonexistent.h: No such file or directory
compilation terminated.
configure:4827: $? = 1
configure: failed program was:
| /* confdefs.h */
| #define PACKAGE_NAME "fastrtps"
| #define PACKAGE_TARNAME "eProsima FastRTPS"
| #define PACKAGE_VERSION "1.5.0"
| #define PACKAGE_STRING "fastrtps 1.5.0"
| #define PACKAGE_BUGREPORT "support@eprosima.com"
| #define PACKAGE_URL "http://eprosima.com/"
| #define FASTRTPS_VERSION_MAJOR 1
| #define FASTRTPS_VERSION_MINOR 5
| #define FASTRTPS_VERSION_MICRO 0
| #define HAVE_CXX11 1
| #define HAVE_CXX0X 1
| #define HAVE_CXX_CONSTEXPR 1
| /* end confdefs.h.  */
| #include <ac_nonexistent.h>
configure:4852: result: gcc -E
configure:4872: gcc -E  conftest.c
configure:4872: $? = 0
configure:4886: gcc -E  conftest.c
conftest.c:15:28: fatal error: ac_nonexistent.h: No such file or directory
compilation terminated.
configure:4886: $? = 1
configure: failed program was:
| /* confdefs.h */
| #define PACKAGE_NAME "fastrtps"
| #define PACKAGE_TARNAME "eProsima FastRTPS"
| #define PACKAGE_VERSION "1.5.0"
| #define PACKAGE_STRING "fastrtps 1.5.0"
| #define PACKAGE_BUGREPORT "support@eprosima.com"
| #define PACKAGE_URL "http://eprosima.com/"
| #define FASTRTPS_VERSION_MAJOR 1
| #define FASTRTPS_VERSION_MINOR 5
| #define FASTRTPS_VERSION_MICRO 0
| #define HAVE_CXX11 1
| #define HAVE_CXX0X 1
| #define HAVE_CXX_CONSTEXPR 1
| /* end confdefs.h.  */
| #include <ac_nonexistent.h>
configure:4915: checking for grep that handles long lines and -e
configure:4973: result: /bin/grep
configure:4978: checking for egrep
configure:5040: result: /bin/grep -E
configure:5045: checking for ANSI C header files
configure:5065: gcc -c -g -O2  conftest.c >&5
configure:5065: $? = 0
configure:5138: gcc -o conftest -g -O2   conftest.c  >&5
configure:5138: $? = 0
configure:5138: ./conftest
configure:5138: $? = 0
configure:5149: result: yes
configure:5162: checking for sys/types.h
configure:5162: gcc -c -g -O2  conftest.c >&5
configure:5162: $? = 0
configure:5162: result: yes
configure:5162: checking for sys/stat.h
configure:5162: gcc -c -g -O2  conftest.c >&5
configure:5162: $? = 0
configure:5162: result: yes
configure:5162: checking for stdlib.h
configure:5162: gcc -c -g -O2  conftest.c >&5
configure:5162: $? = 0
configure:5162: result: yes
configure:5162: checking for string.h
configure:5162: gcc -c -g -O2  conftest.c >&5
configure:5162: $? = 0
configure:5162: result: yes
configure:5162: checking for memory.h
configure:5162: gcc -c -g -O2  conftest.c >&5
configure:5162: $? = 0
configure:5162: result: yes
configure:5162: checking for strings.h
configure:5162: gcc -c -g -O2  conftest.c >&5
configure:5162: $? = 0
configure:5162: result: yes
configure:5162: checking for inttypes.h
configure:5162: gcc -c -g -O2  conftest.c >&5
configure:5162: $? = 0
configure:5162: result: yes
configure:5162: checking for stdint.h
configure:5162: gcc -c -g -O2  conftest.c >&5
configure:5162: $? = 0
configure:5162: result: yes
configure:5162: checking for unistd.h
configure:5162: gcc -c -g -O2  conftest.c >&5
configure:5162: $? = 0
configure:5162: result: yes
configure:5174: checking whether byte ordering is bigendian
configure:5189: gcc -c -g -O2  conftest.c >&5
conftest.c:26:9: error: unknown type name 'not'
         not a universal capable compiler
         ^
conftest.c:26:15: error: expected '=', ',', ';', 'asm' or '__attribute__' before 'universal'
         not a universal capable compiler
               ^
conftest.c:26:15: error: unknown type name 'universal'
configure:5189: $? = 1
configure: failed program was:
| /* confdefs.h */
| #define PACKAGE_NAME "fastrtps"
| #define PACKAGE_TARNAME "eProsima FastRTPS"
| #define PACKAGE_VERSION "1.5.0"
| #define PACKAGE_STRING "fastrtps 1.5.0"
| #define PACKAGE_BUGREPORT "support@eprosima.com"
| #define PACKAGE_URL "http://eprosima.com/"
| #define FASTRTPS_VERSION_MAJOR 1
| #define FASTRTPS_VERSION_MINOR 5
| #define FASTRTPS_VERSION_MICRO 0
| #define HAVE_CXX11 1
| #define HAVE_CXX0X 1
| #define HAVE_CXX_CONSTEXPR 1
| #define STDC_HEADERS 1
| #define HAVE_SYS_TYPES_H 1
| #define HAVE_SYS_STAT_H 1
| #define HAVE_STDLIB_H 1
| #define HAVE_STRING_H 1
| #define HAVE_MEMORY_H 1
| #define HAVE_STRINGS_H 1
| #define HAVE_INTTYPES_H 1
| #define HAVE_STDINT_H 1
| #define HAVE_UNISTD_H 1
| /* end confdefs.h.  */
| #ifndef __APPLE_CC__
| 	       not a universal capable compiler
| 	     #endif
| 	     typedef int dummy;
| 
configure:5234: gcc -c -g -O2  conftest.c >&5
configure:5234: $? = 0
configure:5252: gcc -c -g -O2  conftest.c >&5
conftest.c: In function 'main':
conftest.c:32:4: error: unknown type name 'not'
    not big endian
    ^
conftest.c:32:12: error: expected '=', ',', ';', 'asm' or '__attribute__' before 'endian'
    not big endian
            ^
configure:5252: $? = 1
configure: failed program was:
| /* confdefs.h */
| #define PACKAGE_NAME "fastrtps"
| #define PACKAGE_TARNAME "eProsima FastRTPS"
| #define PACKAGE_VERSION "1.5.0"
| #define PACKAGE_STRING "fastrtps 1.5.0"
| #define PACKAGE_BUGREPORT "support@eprosima.com"
| #define PACKAGE_URL "http://eprosima.com/"
| #define FASTRTPS_VERSION_MAJOR 1
| #define FASTRTPS_VERSION_MINOR 5
| #define FASTRTPS_VERSION_MICRO 0
| #define HAVE_CXX11 1
| #define HAVE_CXX0X 1
| #define HAVE_CXX_CONSTEXPR 1
| #define STDC_HEADERS 1
| #define HAVE_SYS_TYPES_H 1
| #define HAVE_SYS_STAT_H 1
| #define HAVE_STDLIB_H 1
| #define HAVE_STRING_H 1
| #define HAVE_MEMORY_H 1
| #define HAVE_STRINGS_H 1
| #define HAVE_INTTYPES_H 1
| #define HAVE_STDINT_H 1
| #define HAVE_UNISTD_H 1
| /* end confdefs.h.  */
| #include <sys/types.h>
| 		#include <sys/param.h>
| 
| int
| main ()
| {
| #if BYTE_ORDER != BIG_ENDIAN
| 		 not big endian
| 		#endif
| 
|   ;
|   return 0;
| }
configure:5380: result: no
configure:5746: checking for C++ compiler version
configure:5755: g++ --version >&5
g++ (Ubuntu 5.4.0-6ubuntu1~16.04.9) 5.4.0 20160609
Copyright (C) 2015 Free Software Foundation, Inc.
This is free software; see the source for copying conditions.  There is NO
warranty; not even for MERCHANTABILITY or FITNESS FOR A PARTICULAR PURPOSE.

configure:5766: $? = 0
configure:5755: g++ -v >&5
Using built-in specs.
COLLECT_GCC=g++
COLLECT_LTO_WRAPPER=/usr/lib/gcc/x86_64-linux-gnu/5/lto-wrapper
Target: x86_64-linux-gnu
Configured with: ../src/configure -v --with-pkgversion='Ubuntu 5.4.0-6ubuntu1~16.04.9' --with-bugurl=file:///usr/share/doc/gcc-5/README.Bugs --enable-languages=c,ada,c++,java,go,d,fortran,objc,obj-c++ --prefix=/usr --program-suffix=-5 --enable-shared --enable-linker-build-id --libexecdir=/usr/lib --without-included-gettext --enable-threads=posix --libdir=/usr/lib --enable-nls --with-sysroot=/ --enable-clocale=gnu --enable-libstdcxx-debug --enable-libstdcxx-time=yes --with-default-libstdcxx-abi=new --enable-gnu-unique-object --disable-vtable-verify --enable-libmpx --enable-plugin --with-system-zlib --disable-browser-plugin --enable-java-awt=gtk --enable-gtk-cairo --with-java-home=/usr/lib/jvm/java-1.5.0-gcj-5-amd64/jre --enable-java-home --with-jvm-root-dir=/usr/lib/jvm/java-1.5.0-gcj-5-amd64 --with-jvm-jar-dir=/usr/lib/jvm-exports/java-1.5.0-gcj-5-amd64 --with-arch-directory=amd64 --with-ecj-jar=/usr/share/java/eclipse-ecj.jar --enable-objc-gc --enable-multiarch --disable-werror --with-arch-32=i686 --with-abi=m64 --with-multilib-list=m32,m64,mx32 --enable-multilib --with-tune=generic --enable-checking=release --build=x86_64-linux-gnu --host=x86_64-linux-gnu --target=x86_64-linux-gnu
Thread model: posix
gcc version 5.4.0 20160609 (Ubuntu 5.4.0-6ubuntu1~16.04.9) 
configure:5766: $? = 0
configure:5755: g++ -V >&5
g++: error: unrecognized command line option '-V'
g++: fatal error: no input files
compilation terminated.
configure:5766: $? = 1
configure:5755: g++ -qversion >&5
g++: error: unrecognized command line option '-qversion'
g++: fatal error: no input files
compilation terminated.
configure:5766: $? = 1
configure:5770: checking whether we are using the GNU C++ compiler
configure:5798: result: yes
configure:5807: checking whether g++ accepts -g
configure:5868: result: yes
configure:5893: checking dependency style of g++
configure:6004: result: gcc3
configure:6024: checking how to run the C preprocessor
configure:6094: result: gcc -E
configure:6114: gcc -E  conftest.c
configure:6114: $? = 0
configure:6128: gcc -E  conftest.c
conftest.c:27:28: fatal error: ac_nonexistent.h: No such file or directory
compilation terminated.
configure:6128: $? = 1
configure: failed program was:
| /* confdefs.h */
| #define PACKAGE_NAME "fastrtps"
| #define PACKAGE_TARNAME "eProsima FastRTPS"
| #define PACKAGE_VERSION "1.5.0"
| #define PACKAGE_STRING "fastrtps 1.5.0"
| #define PACKAGE_BUGREPORT "support@eprosima.com"
| #define PACKAGE_URL "http://eprosima.com/"
| #define FASTRTPS_VERSION_MAJOR 1
| #define FASTRTPS_VERSION_MINOR 5
| #define FASTRTPS_VERSION_MICRO 0
| #define HAVE_CXX11 1
| #define HAVE_CXX0X 1
| #define HAVE_CXX_CONSTEXPR 1
| #define STDC_HEADERS 1
| #define HAVE_SYS_TYPES_H 1
| #define HAVE_SYS_STAT_H 1
| #define HAVE_STDLIB_H 1
| #define HAVE_STRING_H 1
| #define HAVE_MEMORY_H 1
| #define HAVE_STRINGS_H 1
| #define HAVE_INTTYPES_H 1
| #define HAVE_STDINT_H 1
| #define HAVE_UNISTD_H 1
| #define __BIG_ENDIAN__ 0
| #define HAVE_SECURITY 0
| /* end confdefs.h.  */
| #include <ac_nonexistent.h>
configure:6188: checking build system type
configure:6202: result: x86_64-pc-linux-gnu
configure:6222: checking host system type
configure:6235: result: x86_64-pc-linux-gnu
configure:6276: checking how to print strings
configure:6303: result: printf
configure:6324: checking for a sed that does not truncate output
configure:6388: result: /bin/sed
configure:6406: checking for fgrep
configure:6468: result: /bin/grep -F
configure:6503: checking for ld used by gcc
configure:6570: result: /usr/bin/ld
configure:6577: checking if the linker (/usr/bin/ld) is GNU ld
configure:6592: result: yes
configure:6604: checking for BSD- or MS-compatible name lister (nm)
configure:6658: result: /usr/bin/nm -B
configure:6788: checking the name lister (/usr/bin/nm -B) interface
configure:6795: gcc -c -g -O2  conftest.c >&5
configure:6798: /usr/bin/nm -B "conftest.o"
configure:6801: output
0000000000000000 B some_variable
configure:6808: result: BSD nm
configure:6811: checking whether ln -s works
configure:6815: result: yes
configure:6823: checking the maximum length of command line arguments
configure:6959: result: 1572864
configure:7007: checking how to convert x86_64-pc-linux-gnu file names to x86_64-pc-linux-gnu format
configure:7047: result: func_convert_file_noop
configure:7054: checking how to convert x86_64-pc-linux-gnu file names to toolchain format
configure:7074: result: func_convert_file_noop
configure:7081: checking for /usr/bin/ld option to reload object files
configure:7088: result: -r
configure:7162: checking for objdump
configure:7178: found /usr/bin/objdump
configure:7189: result: objdump
configure:7221: checking how to recognize dependent libraries
configure:7421: result: pass_all
configure:7506: checking for dlltool
configure:7536: result: no
configure:7566: checking how to associate runtime and link libraries
configure:7593: result: printf %s\n
configure:7653: checking for ar
configure:7669: found /usr/bin/ar
configure:7680: result: ar
configure:7717: checking for archiver @FILE support
configure:7734: gcc -c -g -O2  conftest.c >&5
configure:7734: $? = 0
configure:7737: ar cru libconftest.a @conftest.lst >&5
ar: `u' modifier ignored since `D' is the default (see `U')
configure:7740: $? = 0
configure:7745: ar cru libconftest.a @conftest.lst >&5
ar: `u' modifier ignored since `D' is the default (see `U')
ar: conftest.o: No such file or directory
configure:7748: $? = 1
configure:7760: result: @
configure:7818: checking for strip
configure:7834: found /usr/bin/strip
configure:7845: result: strip
configure:7917: checking for ranlib
configure:7933: found /usr/bin/ranlib
configure:7944: result: ranlib
configure:8046: checking command to parse /usr/bin/nm -B output from gcc object
configure:8199: gcc -c -g -O2  conftest.c >&5
configure:8202: $? = 0
configure:8206: /usr/bin/nm -B conftest.o \| sed -n -e 's/^.*[ ]\([ABCDGIRSTW][ABCDGIRSTW]*\)[ ][ ]*\([_A-Za-z][_A-Za-z0-9]*\)$/\1 \2 \2/p' | sed '/ __gnu_lto/d' \> conftest.nm
configure:8209: $? = 0
configure:8275: gcc -o conftest -g -O2   conftest.c conftstm.o >&5
configure:8278: $? = 0
configure:8316: result: ok
configure:8363: checking for sysroot
configure:8393: result: no
configure:8400: checking for a working dd
configure:8438: result: /bin/dd
configure:8442: checking how to truncate binary pipes
configure:8457: result: /bin/dd bs=4096 count=1
configure:8593: gcc -c -g -O2  conftest.c >&5
configure:8596: $? = 0
configure:8786: checking for mt
configure:8802: found /bin/mt
configure:8813: result: mt
configure:8836: checking if mt is a manifest tool
configure:8842: mt '-?'
configure:8850: result: no
configure:9524: checking for dlfcn.h
configure:9524: gcc -c -g -O2  conftest.c >&5
configure:9524: $? = 0
configure:9524: result: yes
configure:9790: checking for objdir
configure:9805: result: .libs
configure:10069: checking if gcc supports -fno-rtti -fno-exceptions
configure:10087: gcc -c -g -O2  -fno-rtti -fno-exceptions conftest.c >&5
cc1: warning: command line option '-fno-rtti' is valid for C++/ObjC++ but not for C
configure:10091: $? = 0
configure:10104: result: no
configure:10462: checking for gcc option to produce PIC
configure:10469: result: -fPIC -DPIC
configure:10477: checking if gcc PIC flag -fPIC -DPIC works
configure:10495: gcc -c -g -O2  -fPIC -DPIC -DPIC conftest.c >&5
configure:10499: $? = 0
configure:10512: result: yes
configure:10541: checking if gcc static flag -static works
configure:10569: result: yes
configure:10584: checking if gcc supports -c -o file.o
configure:10605: gcc -c -g -O2  -o out/conftest2.o conftest.c >&5
configure:10609: $? = 0
configure:10631: result: yes
configure:10639: checking if gcc supports -c -o file.o
configure:10686: result: yes
configure:10719: checking whether the gcc linker (/usr/bin/ld -m elf_x86_64) supports shared libraries
configure:11978: result: yes
configure:12015: checking whether -lc should be explicitly linked in
configure:12023: gcc -c -g -O2  conftest.c >&5
configure:12026: $? = 0
configure:12041: gcc -shared  -fPIC -DPIC conftest.o  -v -Wl,-soname -Wl,conftest -o conftest 2\>\&1 \| /bin/grep  -lc  \>/dev/null 2\>\&1
configure:12044: $? = 0
configure:12058: result: no
configure:12218: checking dynamic linker characteristics
configure:12812: gcc -o conftest -g -O2   -Wl,-rpath -Wl,/foo conftest.c  >&5
configure:12812: $? = 0
configure:13049: result: GNU/Linux ld.so
configure:13171: checking how to hardcode library paths into programs
configure:13196: result: immediate
configure:13744: checking whether stripping libraries is possible
configure:13749: result: yes
configure:13784: checking if libtool supports shared libraries
configure:13786: result: yes
configure:13789: checking whether to build shared libraries
configure:13814: result: yes
configure:13817: checking whether to build static libraries
configure:13821: result: yes
configure:13844: checking how to run the C++ preprocessor
configure:13871: g++ -E  conftest.cpp
configure:13871: $? = 0
configure:13885: g++ -E  conftest.cpp
conftest.cpp:29:28: fatal error: ac_nonexistent.h: No such file or directory
compilation terminated.
configure:13885: $? = 1
configure: failed program was:
| /* confdefs.h */
| #define PACKAGE_NAME "fastrtps"
| #define PACKAGE_TARNAME "eProsima FastRTPS"
| #define PACKAGE_VERSION "1.5.0"
| #define PACKAGE_STRING "fastrtps 1.5.0"
| #define PACKAGE_BUGREPORT "support@eprosima.com"
| #define PACKAGE_URL "http://eprosima.com/"
| #define FASTRTPS_VERSION_MAJOR 1
| #define FASTRTPS_VERSION_MINOR 5
| #define FASTRTPS_VERSION_MICRO 0
| #define HAVE_CXX11 1
| #define HAVE_CXX0X 1
| #define HAVE_CXX_CONSTEXPR 1
| #define STDC_HEADERS 1
| #define HAVE_SYS_TYPES_H 1
| #define HAVE_SYS_STAT_H 1
| #define HAVE_STDLIB_H 1
| #define HAVE_STRING_H 1
| #define HAVE_MEMORY_H 1
| #define HAVE_STRINGS_H 1
| #define HAVE_INTTYPES_H 1
| #define HAVE_STDINT_H 1
| #define HAVE_UNISTD_H 1
| #define __BIG_ENDIAN__ 0
| #define HAVE_SECURITY 0
| #define HAVE_DLFCN_H 1
| #define LT_OBJDIR ".libs/"
| /* end confdefs.h.  */
| #include <ac_nonexistent.h>
configure:13910: result: g++ -E
configure:13930: g++ -E  conftest.cpp
configure:13930: $? = 0
configure:13944: g++ -E  conftest.cpp
conftest.cpp:29:28: fatal error: ac_nonexistent.h: No such file or directory
compilation terminated.
configure:13944: $? = 1
configure: failed program was:
| /* confdefs.h */
| #define PACKAGE_NAME "fastrtps"
| #define PACKAGE_TARNAME "eProsima FastRTPS"
| #define PACKAGE_VERSION "1.5.0"
| #define PACKAGE_STRING "fastrtps 1.5.0"
| #define PACKAGE_BUGREPORT "support@eprosima.com"
| #define PACKAGE_URL "http://eprosima.com/"
| #define FASTRTPS_VERSION_MAJOR 1
| #define FASTRTPS_VERSION_MINOR 5
| #define FASTRTPS_VERSION_MICRO 0
| #define HAVE_CXX11 1
| #define HAVE_CXX0X 1
| #define HAVE_CXX_CONSTEXPR 1
| #define STDC_HEADERS 1
| #define HAVE_SYS_TYPES_H 1
| #define HAVE_SYS_STAT_H 1
| #define HAVE_STDLIB_H 1
| #define HAVE_STRING_H 1
| #define HAVE_MEMORY_H 1
| #define HAVE_STRINGS_H 1
| #define HAVE_INTTYPES_H 1
| #define HAVE_STDINT_H 1
| #define HAVE_UNISTD_H 1
| #define __BIG_ENDIAN__ 0
| #define HAVE_SECURITY 0
| #define HAVE_DLFCN_H 1
| #define LT_OBJDIR ".libs/"
| /* end confdefs.h.  */
| #include <ac_nonexistent.h>
configure:14106: checking for ld used by g++
configure:14173: result: /usr/bin/ld -m elf_x86_64
configure:14180: checking if the linker (/usr/bin/ld -m elf_x86_64) is GNU ld
configure:14195: result: yes
configure:14250: checking whether the g++ linker (/usr/bin/ld -m elf_x86_64) supports shared libraries
configure:15323: result: yes
configure:15359: g++ -c -g -O2 -std=gnu++11  conftest.cpp >&5
configure:15362: $? = 0
configure:15843: checking for g++ option to produce PIC
configure:15850: result: -fPIC -DPIC
configure:15858: checking if g++ PIC flag -fPIC -DPIC works
configure:15876: g++ -c -g -O2 -std=gnu++11  -fPIC -DPIC -DPIC conftest.cpp >&5
configure:15880: $? = 0
configure:15893: result: yes
configure:15916: checking if g++ static flag -static works
configure:15944: result: yes
configure:15956: checking if g++ supports -c -o file.o
configure:15977: g++ -c -g -O2 -std=gnu++11  -o out/conftest2.o conftest.cpp >&5
configure:15981: $? = 0
configure:16003: result: yes
configure:16008: checking if g++ supports -c -o file.o
configure:16055: result: yes
configure:16085: checking whether the g++ linker (/usr/bin/ld -m elf_x86_64) supports shared libraries
configure:16125: result: yes
configure:16266: checking dynamic linker characteristics
configure:17024: result: GNU/Linux ld.so
configure:17089: checking how to hardcode library paths into programs
configure:17114: result: immediate
configure:17290: checking that generated files are newer than configure
configure:17296: result: done
configure:17331: creating ./config.status

## ---------------------- ##
## Running config.status. ##
## ---------------------- ##

This file was extended by fastrtps config.status 1.5.0, which was
generated by GNU Autoconf 2.69.  Invocation command line was

  CONFIG_FILES    = 
  CONFIG_HEADERS  = 
  CONFIG_LINKS    = 
  CONFIG_COMMANDS = 
  $ ./config.status 

on Somidi

config.status:1164: creating Makefile
config.status:1164: creating include/Makefile
config.status:1164: creating src/cpp/Makefile
config.status:1164: creating .bin/fastrtpsgen
config.status:1272: WARNING:  '.bin/fastrtpsgen.in' seems to ignore the --datarootdir setting
config.status:1164: creating include/fastrtps/config.h
config.status:1393: executing depfiles commands
config.status:1393: executing libtool commands

## ---------------- ##
## Cache variables. ##
## ---------------- ##

ac_cv_build=x86_64-pc-linux-gnu
ac_cv_c_bigendian=no
ac_cv_c_compiler_gnu=yes
ac_cv_cxx_compiler_gnu=yes
ac_cv_env_CCC_set=
ac_cv_env_CCC_value=
ac_cv_env_CC_set=
ac_cv_env_CC_value=
ac_cv_env_CFLAGS_set=
ac_cv_env_CFLAGS_value=
ac_cv_env_CPPFLAGS_set=
ac_cv_env_CPPFLAGS_value=
ac_cv_env_CPP_set=
ac_cv_env_CPP_value=
ac_cv_env_CXXCPP_set=
ac_cv_env_CXXCPP_value=
ac_cv_env_CXXFLAGS_set=
ac_cv_env_CXXFLAGS_value=
ac_cv_env_CXX_set=
ac_cv_env_CXX_value=
ac_cv_env_LDFLAGS_set=
ac_cv_env_LDFLAGS_value=
ac_cv_env_LIBS_set=
ac_cv_env_LIBS_value=
ac_cv_env_LT_SYS_LIBRARY_PATH_set=
ac_cv_env_LT_SYS_LIBRARY_PATH_value=
ac_cv_env_build_alias_set=
ac_cv_env_build_alias_value=
ac_cv_env_host_alias_set=
ac_cv_env_host_alias_value=
ac_cv_env_target_alias_set=
ac_cv_env_target_alias_value=
ac_cv_header_dlfcn_h=yes
ac_cv_header_inttypes_h=yes
ac_cv_header_memory_h=yes
ac_cv_header_stdc=yes
ac_cv_header_stdint_h=yes
ac_cv_header_stdlib_h=yes
ac_cv_header_string_h=yes
ac_cv_header_strings_h=yes
ac_cv_header_sys_stat_h=yes
ac_cv_header_sys_types_h=yes
ac_cv_header_unistd_h=yes
ac_cv_host=x86_64-pc-linux-gnu
ac_cv_objext=o
ac_cv_path_EGREP='/bin/grep -E'
ac_cv_path_FGREP='/bin/grep -F'
ac_cv_path_GREP=/bin/grep
ac_cv_path_SED=/bin/sed
ac_cv_path_install='/usr/bin/install -c'
ac_cv_path_lt_DD=/bin/dd
ac_cv_path_mkdir=/bin/mkdir
ac_cv_prog_AWK=gawk
ac_cv_prog_CPP='gcc -E'
ac_cv_prog_CXXCPP='g++ -E'
ac_cv_prog_ac_ct_AR=ar
ac_cv_prog_ac_ct_CC=gcc
ac_cv_prog_ac_ct_CXX=g++
ac_cv_prog_ac_ct_MANIFEST_TOOL=mt
ac_cv_prog_ac_ct_OBJDUMP=objdump
ac_cv_prog_ac_ct_RANLIB=ranlib
ac_cv_prog_ac_ct_STRIP=strip
ac_cv_prog_cc_c89=
ac_cv_prog_cc_g=yes
ac_cv_prog_cxx_g=yes
ac_cv_prog_make_make_set=yes
am_cv_CC_dependencies_compiler_type=gcc3
am_cv_CXX_dependencies_compiler_type=gcc3
am_cv_make_support_nested_variables=yes
am_cv_prog_cc_c_o=yes
ax_cv_cxx_compile_cxx11=no
ax_cv_cxx_compile_cxx11__std_gnupp11=yes
lt_cv_ar_at_file=@
lt_cv_archive_cmds_need_lc=no
lt_cv_deplibs_check_method=pass_all
lt_cv_file_magic_cmd='$MAGIC_CMD'
lt_cv_file_magic_test_file=
lt_cv_ld_reload_flag=-r
lt_cv_nm_interface='BSD nm'
lt_cv_objdir=.libs
lt_cv_path_LD=/usr/bin/ld
lt_cv_path_LDCXX='/usr/bin/ld -m elf_x86_64'
lt_cv_path_NM='/usr/bin/nm -B'
lt_cv_path_mainfest_tool=no
lt_cv_prog_compiler_c_o=yes
lt_cv_prog_compiler_c_o_CXX=yes
lt_cv_prog_compiler_pic='-fPIC -DPIC'
lt_cv_prog_compiler_pic_CXX='-fPIC -DPIC'
lt_cv_prog_compiler_pic_works=yes
lt_cv_prog_compiler_pic_works_CXX=yes
lt_cv_prog_compiler_rtti_exceptions=no
lt_cv_prog_compiler_static_works=yes
lt_cv_prog_compiler_static_works_CXX=yes
lt_cv_prog_gnu_ld=yes
lt_cv_prog_gnu_ldcxx=yes
lt_cv_sharedlib_from_linklib_cmd='printf %s\n'
lt_cv_shlibpath_overrides_runpath=no
lt_cv_sys_global_symbol_pipe='sed -n -e '\''s/^.*[	 ]\([ABCDGIRSTW][ABCDGIRSTW]*\)[	 ][	 ]*\([_A-Za-z][_A-Za-z0-9]*\)$/\1 \2 \2/p'\'' | sed '\''/ __gnu_lto/d'\'''
lt_cv_sys_global_symbol_to_c_name_address='sed -n -e '\''s/^: \(.*\) .*$/  {"\1", (void *) 0},/p'\'' -e '\''s/^[ABCDGIRSTW][ABCDGIRSTW]* .* \(.*\)$/  {"\1", (void *) \&\1},/p'\'''
lt_cv_sys_global_symbol_to_c_name_address_lib_prefix='sed -n -e '\''s/^: \(.*\) .*$/  {"\1", (void *) 0},/p'\'' -e '\''s/^[ABCDGIRSTW][ABCDGIRSTW]* .* \(lib.*\)$/  {"\1", (void *) \&\1},/p'\'' -e '\''s/^[ABCDGIRSTW][ABCDGIRSTW]* .* \(.*\)$/  {"lib\1", (void *) \&\1},/p'\'''
lt_cv_sys_global_symbol_to_cdecl='sed -n -e '\''s/^T .* \(.*\)$/extern int \1();/p'\'' -e '\''s/^[ABCDGIRSTW][ABCDGIRSTW]* .* \(.*\)$/extern char \1;/p'\'''
lt_cv_sys_global_symbol_to_import=
lt_cv_sys_max_cmd_len=1572864
lt_cv_to_host_file_cmd=func_convert_file_noop
lt_cv_to_tool_file_cmd=func_convert_file_noop
lt_cv_truncate_bin='/bin/dd bs=4096 count=1'

## ----------------- ##
## Output variables. ##
## ----------------- ##

ACLOCAL='${SHELL} /media/bhagyasyam/Extra/flight_stack/eProsima_FastRTPS-1.5.0-Linux/missing aclocal-1.15'
AMDEPBACKSLASH='\'
AMDEP_FALSE='#'
AMDEP_TRUE=''
AMTAR='$${TAR-tar}'
AM_BACKSLASH='\'
AM_DEFAULT_V='$(AM_DEFAULT_VERBOSITY)'
AM_DEFAULT_VERBOSITY='1'
AM_V='$(V)'
AR='ar'
AUTOCONF='${SHELL} /media/bhagyasyam/Extra/flight_stack/eProsima_FastRTPS-1.5.0-Linux/missing autoconf'
AUTOHEADER='${SHELL} /media/bhagyasyam/Extra/flight_stack/eProsima_FastRTPS-1.5.0-Linux/missing autoheader'
AUTOMAKE='${SHELL} /media/bhagyasyam/Extra/flight_stack/eProsima_FastRTPS-1.5.0-Linux/missing automake-1.15'
AWK='gawk'
CC='gcc'
CCDEPMODE='depmode=gcc3'
CFLAGS='-g -O2'
CONFIG_ARGS='--libdir=/usr/lib'
CPP='gcc -E'
CPPFLAGS=''
CXX='g++'
CXXCPP='g++ -E'
CXXDEPMODE='depmode=gcc3'
CXXFLAGS='-g -O2 -std=gnu++11'
CYGPATH_W='echo'
DEFS='-DHAVE_CONFIG_H'
DEPDIR='.deps'
DLLTOOL='false'
DSYMUTIL=''
DUMPBIN=''
ECHO_C=''
ECHO_N='-n'
ECHO_T=''
EGREP='/bin/grep -E'
EXEEXT=''
FGREP='/bin/grep -F'
GREP='/bin/grep'
HAVE_CXX11='1'
INSTALL_DATA='${INSTALL} -m 644'
INSTALL_PROGRAM='${INSTALL}'
INSTALL_SCRIPT='${INSTALL}'
INSTALL_STRIP_PROGRAM='$(install_sh) -c -s'
LD='/usr/bin/ld -m elf_x86_64'
LDFLAGS=''
LIBOBJS=''
LIBS=''
LIBTOOL='$(SHELL) $(top_builddir)/libtool'
LIPO=''
LN_S='ln -s'
LTLIBOBJS=''
LT_SYS_LIBRARY_PATH=''
MAKEINFO='${SHELL} /media/bhagyasyam/Extra/flight_stack/eProsima_FastRTPS-1.5.0-Linux/missing makeinfo'
MANIFEST_TOOL=':'
MKDIR_P='/bin/mkdir -p'
NM='/usr/bin/nm -B'
NMEDIT=''
OBJDUMP='objdump'
OBJEXT='o'
OPENSSL_INCLUDES=''
OPENSSL_LDFLAGS=''
OPENSSL_LIBS=''
OTOOL64=''
OTOOL=''
PACKAGE='eProsima FastRTPS'
PACKAGE_BUGREPORT='support@eprosima.com'
PACKAGE_NAME='fastrtps'
PACKAGE_STRING='fastrtps 1.5.0'
PACKAGE_TARNAME='eProsima FastRTPS'
PACKAGE_URL='http://eprosima.com/'
PACKAGE_VERSION='1.5.0'
PATH_SEPARATOR=':'
PKG_CONFIG=''
RANLIB='ranlib'
SECURITY_FALSE=''
SECURITY_TRUE='#'
SED='/bin/sed'
SET_MAKE=''
SHELL='/bin/bash'
STRIP='strip'
VERSION='1.5.0'
ac_ct_AR='ar'
ac_ct_CC='gcc'
ac_ct_CXX='g++'
ac_ct_DUMPBIN=''
am__EXEEXT_FALSE=''
am__EXEEXT_TRUE='#'
am__fastdepCC_FALSE='#'
am__fastdepCC_TRUE=''
am__fastdepCXX_FALSE='#'
am__fastdepCXX_TRUE=''
am__include='include'
am__isrc=''
am__leading_dot='.'
am__nodep='_no'
am__quote=''
am__tar='$${TAR-tar} chof - "$$tardir"'
am__untar='$${TAR-tar} xf -'
bindir='${exec_prefix}/bin'
build='x86_64-pc-linux-gnu'
build_alias=''
build_cpu='x86_64'
build_os='linux-gnu'
build_vendor='pc'
datadir='${datarootdir}'
datarootdir='${prefix}/share'
docdir='${datarootdir}/doc/${PACKAGE_TARNAME}'
dvidir='${docdir}'
exec_prefix='${prefix}'
host='x86_64-pc-linux-gnu'
host_alias=''
host_cpu='x86_64'
host_os='linux-gnu'
host_vendor='pc'
htmldir='${docdir}'
includedir='${prefix}/include'
infodir='${datarootdir}/info'
install_sh='${SHELL} /media/bhagyasyam/Extra/flight_stack/eProsima_FastRTPS-1.5.0-Linux/install-sh'
libdir='/usr/lib'
libexecdir='${exec_prefix}/libexec'
localedir='${datarootdir}/locale'
localstatedir='${prefix}/var'
mandir='${datarootdir}/man'
mkdir_p='$(MKDIR_P)'
oldincludedir='/usr/include'
pdfdir='${docdir}'
prefix='/usr/local'
program_transform_name='s,x,x,'
psdir='${docdir}'
sbindir='${exec_prefix}/sbin'
sharedstatedir='${prefix}/com'
sysconfdir='${prefix}/etc'
target_alias=''

## ----------- ##
## confdefs.h. ##
## ----------- ##

/* confdefs.h */
#define PACKAGE_NAME "fastrtps"
#define PACKAGE_TARNAME "eProsima FastRTPS"
#define PACKAGE_VERSION "1.5.0"
#define PACKAGE_STRING "fastrtps 1.5.0"
#define PACKAGE_BUGREPORT "support@eprosima.com"
#define PACKAGE_URL "http://eprosima.com/"
#define FASTRTPS_VERSION_MAJOR 1
#define FASTRTPS_VERSION_MINOR 5
#define FASTRTPS_VERSION_MICRO 0
#define HAVE_CXX11 1
#define HAVE_CXX0X 1
#define HAVE_CXX_CONSTEXPR 1
#define STDC_HEADERS 1
#define HAVE_SYS_TYPES_H 1
#define HAVE_SYS_STAT_H 1
#define HAVE_STDLIB_H 1
#define HAVE_STRING_H 1
#define HAVE_MEMORY_H 1
#define HAVE_STRINGS_H 1
#define HAVE_INTTYPES_H 1
#define HAVE_STDINT_H 1
#define HAVE_UNISTD_H 1
#define __BIG_ENDIAN__ 0
#define HAVE_SECURITY 0
#define HAVE_DLFCN_H 1
#define LT_OBJDIR ".libs/"

configure: exit 0
