Determining if the pthread_create exist failed with the following output:
Change Dir: /media/Extra/flight_stack/orb_ws/build/catkin_simple/CMakeFiles/CMakeTmp

Run Build Command:"/usr/bin/make" "cmTC_7ba9f/fast"
/usr/bin/make -f CMakeFiles/cmTC_7ba9f.dir/build.make CMakeFiles/cmTC_7ba9f.dir/build
make[1]: Entering directory '/media/Extra/flight_stack/orb_ws/build/catkin_simple/CMakeFiles/CMakeTmp'
Building C object CMakeFiles/cmTC_7ba9f.dir/CheckSymbolExists.c.o
/usr/bin/cc     -o CMakeFiles/cmTC_7ba9f.dir/CheckSymbolExists.c.o   -c /media/Extra/flight_stack/orb_ws/build/catkin_simple/CMakeFiles/CMakeTmp/CheckSymbolExists.c
Linking C executable cmTC_7ba9f
/usr/bin/cmake -E cmake_link_script CMakeFiles/cmTC_7ba9f.dir/link.txt --verbose=1
/usr/bin/cc       CMakeFiles/cmTC_7ba9f.dir/CheckSymbolExists.c.o  -o cmTC_7ba9f -rdynamic 
CMakeFiles/cmTC_7ba9f.dir/CheckSymbolExists.c.o: In function `main':
CheckSymbolExists.c:(.text+0x16): undefined reference to `pthread_create'
collect2: error: ld returned 1 exit status
CMakeFiles/cmTC_7ba9f.dir/build.make:97: recipe for target 'cmTC_7ba9f' failed
make[1]: *** [cmTC_7ba9f] Error 1
make[1]: Leaving directory '/media/Extra/flight_stack/orb_ws/build/catkin_simple/CMakeFiles/CMakeTmp'
Makefile:126: recipe for target 'cmTC_7ba9f/fast' failed
make: *** [cmTC_7ba9f/fast] Error 2

File /media/Extra/flight_stack/orb_ws/build/catkin_simple/CMakeFiles/CMakeTmp/CheckSymbolExists.c:
/* */
#include <pthread.h>

int main(int argc, char** argv)
{
  (void)argv;
#ifndef pthread_create
  return ((int*)(&pthread_create))[argc];
#else
  (void)argc;
  return 0;
#endif
}

Determining if the function pthread_create exists in the pthreads failed with the following output:
Change Dir: /media/Extra/flight_stack/orb_ws/build/catkin_simple/CMakeFiles/CMakeTmp

Run Build Command:"/usr/bin/make" "cmTC_59c3b/fast"
/usr/bin/make -f CMakeFiles/cmTC_59c3b.dir/build.make CMakeFiles/cmTC_59c3b.dir/build
make[1]: Entering directory '/media/Extra/flight_stack/orb_ws/build/catkin_simple/CMakeFiles/CMakeTmp'
Building C object CMakeFiles/cmTC_59c3b.dir/CheckFunctionExists.c.o
/usr/bin/cc    -DCHECK_FUNCTION_EXISTS=pthread_create   -o CMakeFiles/cmTC_59c3b.dir/CheckFunctionExists.c.o   -c /usr/share/cmake-3.5/Modules/CheckFunctionExists.c
Linking C executable cmTC_59c3b
/usr/bin/cmake -E cmake_link_script CMakeFiles/cmTC_59c3b.dir/link.txt --verbose=1
/usr/bin/cc   -DCHECK_FUNCTION_EXISTS=pthread_create    CMakeFiles/cmTC_59c3b.dir/CheckFunctionExists.c.o  -o cmTC_59c3b -rdynamic -lpthreads 
/usr/bin/ld: cannot find -lpthreads
collect2: error: ld returned 1 exit status
CMakeFiles/cmTC_59c3b.dir/build.make:97: recipe for target 'cmTC_59c3b' failed
make[1]: *** [cmTC_59c3b] Error 1
make[1]: Leaving directory '/media/Extra/flight_stack/orb_ws/build/catkin_simple/CMakeFiles/CMakeTmp'
Makefile:126: recipe for target 'cmTC_59c3b/fast' failed
make: *** [cmTC_59c3b/fast] Error 2


