[ 10%] [34m[1mPerforming build step for 'pangolin_EXTERNAL'[0m
Build type not set (defaults to release)
-DCMAKE_BUILD_TYPE=Debug for debug
-- Python Found and Enabled
-- Eigen Found and Enabled
-- libdc1394 Found and Enabled
-- V4L Found and Enabled
-- ffmpeg Found and Enabled
-- LibRealSense Found and Enabled
-- OpenNI Found and Enabled
-- OpenNI2 Found and Enabled
-- libuvc Found and Enabled
-- libpng Found and Enabled
-- libjpeg Found and Enabled
-- libtiff Found and Enabled
-- libopenexr Found and Enabled
-- Configuring done
-- Generating done
-- Build files have been written to: /media/Extra/flight_stack/orb_ws/build/pangolin_catkin/pangolin_EXTERNAL-prefix/src/pangolin_EXTERNAL-build
make[3]: warning: -jN forced in submake: disabling jobserver mode.
[35m[1mScanning dependencies of target pangolin[0m
[  1%] [32mBuilding CXX object src/CMakeFiles/pangolin.dir/log/packetstream_reader.cpp.o[0m
[  2%] [32mBuilding CXX object src/CMakeFiles/pangolin.dir/log/playback_session.cpp.o[0m
[  3%] [32mBuilding CXX object src/CMakeFiles/pangolin.dir/log/packetstream_writer.cpp.o[0m
[  5%] [32mBuilding CXX object src/CMakeFiles/pangolin.dir/log/packet.cpp.o[0m
[  6%] [32mBuilding CXX object src/CMakeFiles/pangolin.dir/log/packetstream.cpp.o[0m
[  7%] [32mBuilding CXX object src/CMakeFiles/pangolin.dir/gl/glpangoglu.cpp.o[0m
[  8%] [32mBuilding CXX object src/CMakeFiles/pangolin.dir/gl/gltext.cpp.o[0m
[ 10%] [32mBuilding CXX object src/CMakeFiles/pangolin.dir/gl/glfont.cpp.o[0m
[ 11%] [32mBuilding CXX object src/CMakeFiles/pangolin.dir/gl/glchar.cpp.o[0m
[ 12%] [32mBuilding CXX object src/CMakeFiles/pangolin.dir/gl/gltexturecache.cpp.o[0m
[ 13%] [32mBuilding CXX object src/CMakeFiles/pangolin.dir/gl/gldraw.cpp.o[0m
[ 15%] [32mBuilding CXX object src/CMakeFiles/pangolin.dir/display/image_view.cpp.o[0m
[ 16%] [32mBuilding CXX object src/CMakeFiles/pangolin.dir/display/opengl_render_state.cpp.o[0m
[ 17%] [32mBuilding CXX object src/CMakeFiles/pangolin.dir/display/display.cpp.o[0m
[ 18%] [32mBuilding CXX object src/CMakeFiles/pangolin.dir/display/viewport.cpp.o[0m
[ 20%] [32mBuilding CXX object src/CMakeFiles/pangolin.dir/display/view.cpp.o[0m
[ 21%] [32mBuilding CXX object src/CMakeFiles/pangolin.dir/handler/handler_glbuffer.cpp.o[0m
[ 22%] [32mBuilding CXX object src/CMakeFiles/pangolin.dir/handler/handler.cpp.o[0m
[ 24%] [32mBuilding CXX object src/CMakeFiles/pangolin.dir/handler/handler_image.cpp.o[0m
[ 25%] [32mBuilding CXX object src/CMakeFiles/pangolin.dir/plot/plotter.cpp.o[0m
[ 26%] [32mBuilding CXX object src/CMakeFiles/pangolin.dir/plot/datalog.cpp.o[0m
[ 27%] [32mBuilding CXX object src/CMakeFiles/pangolin.dir/var/input_record_repeat.cpp.o[0m
[ 29%] [32mBuilding CXX object src/CMakeFiles/pangolin.dir/video/video.cpp.o[0m
[ 30%] [32mBuilding CXX object src/CMakeFiles/pangolin.dir/video/video_output.cpp.o[0m
[ 31%] [32mBuilding CXX object src/CMakeFiles/pangolin.dir/video/video_interface_factory.cpp.o[0m
[ 32%] [32mBuilding CXX object src/CMakeFiles/pangolin.dir/var/vars.cpp.o[0m
[ 34%] [32mBuilding CXX object src/CMakeFiles/pangolin.dir/display/widgets/widgets.cpp.o[0m
[ 35%] [32mBuilding CXX object src/CMakeFiles/pangolin.dir/video/stream_encoder_factory.cpp.o[0m
[ 36%] [32mBuilding CXX object src/CMakeFiles/pangolin.dir/video/video_output_interface_factory.cpp.o[0m
[ 37%] [32mBuilding CXX object src/CMakeFiles/pangolin.dir/video/video_input.cpp.o[0m
[ 39%] [32mBuilding CXX object src/CMakeFiles/pangolin.dir/video/drivers/test.cpp.o[0m
[ 40%] [32mBuilding CXX object src/CMakeFiles/pangolin.dir/video/drivers/images.cpp.o[0m
[ 41%] [32mBuilding CXX object src/CMakeFiles/pangolin.dir/video/drivers/images_out.cpp.o[0m
[ 43%] [32mBuilding CXX object src/CMakeFiles/pangolin.dir/video/drivers/split.cpp.o[0m
[ 44%] [32mBuilding CXX object src/CMakeFiles/pangolin.dir/video/drivers/pvn.cpp.o[0m
[ 45%] [32mBuilding CXX object src/CMakeFiles/pangolin.dir/video/drivers/pango.cpp.o[0m
[ 46%] [32mBuilding CXX object src/CMakeFiles/pangolin.dir/video/drivers/pango_video_output.cpp.o[0m
[ 48%] [32mBuilding CXX object src/CMakeFiles/pangolin.dir/video/drivers/debayer.cpp.o[0m
[ 49%] [32mBuilding CXX object src/CMakeFiles/pangolin.dir/video/drivers/shift.cpp.o[0m
[ 50%] [32mBuilding CXX object src/CMakeFiles/pangolin.dir/video/drivers/mirror.cpp.o[0m
[ 51%] [32mBuilding CXX object src/CMakeFiles/pangolin.dir/video/drivers/unpack.cpp.o[0m
[ 53%] [32mBuilding CXX object src/CMakeFiles/pangolin.dir/video/drivers/join.cpp.o[0m
[ 54%] [32mBuilding CXX object src/CMakeFiles/pangolin.dir/video/drivers/merge.cpp.o[0m
[ 59%] [32mBuilding CXX object src/CMakeFiles/pangolin.dir/video/drivers/thread.cpp.o[0m
[ 64%] [32mBuilding CXX object src/CMakeFiles/pangolin.dir/tools/video_viewer.cpp.o[0m
[ 64%] [32mBuilding CXX object src/CMakeFiles/pangolin.dir/video/drivers/json.cpp.o[0m
[ 64%] [32mBuilding CXX object src/CMakeFiles/pangolin.dir/utils/posix/condition_variable.cpp.o[0m
[ 64%] [32mBuilding CXX object src/CMakeFiles/pangolin.dir/console/ConsoleView.cpp.o[0m
[ 64%] [32mBuilding CXX object src/CMakeFiles/pangolin.dir/utils/posix/semaphore.cpp.o[0m
[ 64%] [32mBuilding CXX object src/CMakeFiles/pangolin.dir/display/device/display_x11.cpp.o[0m
[ 59%] [32mBuilding CXX object src/CMakeFiles/pangolin.dir/utils/posix/shared_memory_buffer.cpp.o[0m
[ 65%] [32mBuilding CXX object src/CMakeFiles/pangolin.dir/python/PyInterpreter.cpp.o[0m
[ 67%] [32mBuilding CXX object src/CMakeFiles/pangolin.dir/python/PyModulePangolin.cpp.o[0m
[ 68%] [32mBuilding CXX object src/CMakeFiles/pangolin.dir/video/drivers/firewire.cpp.o[0m
[ 69%] [32mBuilding CXX object src/CMakeFiles/pangolin.dir/video/drivers/deinterlace.cpp.o[0m
[ 70%] [32mBuilding CXX object src/CMakeFiles/pangolin.dir/video/drivers/v4l.cpp.o[0m
[ 72%] [32mBuilding CXX object src/CMakeFiles/pangolin.dir/video/drivers/ffmpeg.cpp.o[0m
[ 73%] [32mBuilding CXX object src/CMakeFiles/pangolin.dir/video/drivers/realsense.cpp.o[0m
In file included from [01m[K/media/Extra/flight_stack/orb_ws/build/pangolin_catkin/pangolin_EXTERNAL-prefix/src/pangolin_EXTERNAL/src/video/drivers/realsense.cpp:1:0[m[K:
[01m[K/opt/ros/kinetic/include/librealsense/rs.hpp:834:144:[m[K [01;35m[Kwarning: [m[Kunused parameter ‘[01m[Kdata[m[K’ [-Wunused-parameter]
             rs_enable_motion_tracking_cpp((rs_device *)this, new motion_callback(motion_handler), new timestamp_callback([](rs::timestamp_data data) {}), &e);
[01;32m[K                                                                                                                                                ^[m[K
[ 74%] [32mBuilding CXX object src/CMakeFiles/pangolin.dir/video/drivers/openni.cpp.o[0m
[01m[K/media/Extra/flight_stack/orb_ws/build/pangolin_catkin/pangolin_EXTERNAL-prefix/src/pangolin_EXTERNAL/src/video/drivers/realsense.cpp:82:36:[m[K [01;35m[Kwarning: [m[Kunused parameter ‘[01m[Kframeid[m[K’ [-Wunused-parameter]
 size_t RealSenseVideo::Seek(size_t frameid) {
[01;32m[K                                    ^[m[K
[ 75%] [32mBuilding CXX object src/CMakeFiles/pangolin.dir/video/drivers/openni2.cpp.o[0m
[ 77%] [32mBuilding CXX object src/CMakeFiles/pangolin.dir/video/drivers/uvc.cpp.o[0m
[ 78%] [32mBuilding C object src/CMakeFiles/pangolin.dir/fonts.c.o[0m
[ 79%] [32m[1mLinking CXX shared library libpangolin.so[0m
[100%] Built target pangolin
[36mInstall the project...[0m
-- Install configuration: "Release"
-- Installing: /media/Extra/flight_stack/orb_ws/devel/.private/pangolin_catkin/include/pangolin/config.h
-- Up-to-date: /media/Extra/flight_stack/orb_ws/devel/.private/pangolin_catkin/include/pangolin
-- Installing: /media/Extra/flight_stack/orb_ws/devel/.private/pangolin_catkin/include/pangolin/log
-- Installing: /media/Extra/flight_stack/orb_ws/devel/.private/pangolin_catkin/include/pangolin/log/packetstream.h
-- Installing: /media/Extra/flight_stack/orb_ws/devel/.private/pangolin_catkin/include/pangolin/log/packetstream_source.h
-- Installing: /media/Extra/flight_stack/orb_ws/devel/.private/pangolin_catkin/include/pangolin/log/packetstream_writer.h
-- Installing: /media/Extra/flight_stack/orb_ws/devel/.private/pangolin_catkin/include/pangolin/log/packet.h
-- Installing: /media/Extra/flight_stack/orb_ws/devel/.private/pangolin_catkin/include/pangolin/log/sync_time.h
-- Installing: /media/Extra/flight_stack/orb_ws/devel/.private/pangolin_catkin/include/pangolin/log/packetstream_tags.h
-- Installing: /media/Extra/flight_stack/orb_ws/devel/.private/pangolin_catkin/include/pangolin/log/playback_session.h
-- Installing: /media/Extra/flight_stack/orb_ws/devel/.private/pangolin_catkin/include/pangolin/log/packetstream_reader.h
-- Installing: /media/Extra/flight_stack/orb_ws/devel/.private/pangolin_catkin/include/pangolin/factory
-- Installing: /media/Extra/flight_stack/orb_ws/devel/.private/pangolin_catkin/include/pangolin/factory/factory_registry.h
-- Installing: /media/Extra/flight_stack/orb_ws/devel/.private/pangolin_catkin/include/pangolin/var
-- Installing: /media/Extra/flight_stack/orb_ws/devel/.private/pangolin_catkin/include/pangolin/var/varextra.h
-- Installing: /media/Extra/flight_stack/orb_ws/devel/.private/pangolin_catkin/include/pangolin/var/varwrapper.h
-- Installing: /media/Extra/flight_stack/orb_ws/devel/.private/pangolin_catkin/include/pangolin/var/varvaluegeneric.h
-- Installing: /media/Extra/flight_stack/orb_ws/devel/.private/pangolin_catkin/include/pangolin/var/var.h
-- Installing: /media/Extra/flight_stack/orb_ws/devel/.private/pangolin_catkin/include/pangolin/var/input_record_repeat.h
-- Installing: /media/Extra/flight_stack/orb_ws/devel/.private/pangolin_catkin/include/pangolin/var/varstate.h
-- Installing: /media/Extra/flight_stack/orb_ws/devel/.private/pangolin_catkin/include/pangolin/var/varvalue.h
-- Installing: /media/Extra/flight_stack/orb_ws/devel/.private/pangolin_catkin/include/pangolin/var/varvaluet.h
-- Installing: /media/Extra/flight_stack/orb_ws/devel/.private/pangolin_catkin/include/pangolin/utils
-- Installing: /media/Extra/flight_stack/orb_ws/devel/.private/pangolin_catkin/include/pangolin/utils/params.h
-- Installing: /media/Extra/flight_stack/orb_ws/devel/.private/pangolin_catkin/include/pangolin/utils/format_string.h
-- Installing: /media/Extra/flight_stack/orb_ws/devel/.private/pangolin_catkin/include/pangolin/utils/picojson.h
-- Installing: /media/Extra/flight_stack/orb_ws/devel/.private/pangolin_catkin/include/pangolin/utils/signal_slot.h
-- Installing: /media/Extra/flight_stack/orb_ws/devel/.private/pangolin_catkin/include/pangolin/utils/posix
-- Installing: /media/Extra/flight_stack/orb_ws/devel/.private/pangolin_catkin/include/pangolin/utils/posix/shared_memory_buffer.h
-- Installing: /media/Extra/flight_stack/orb_ws/devel/.private/pangolin_catkin/include/pangolin/utils/posix/semaphore.h
-- Installing: /media/Extra/flight_stack/orb_ws/devel/.private/pangolin_catkin/include/pangolin/utils/posix/condition_variable.h
-- Installing: /media/Extra/flight_stack/orb_ws/devel/.private/pangolin_catkin/include/pangolin/utils/type_convert.h
-- Installing: /media/Extra/flight_stack/orb_ws/devel/.private/pangolin_catkin/include/pangolin/utils/log.h
-- Installing: /media/Extra/flight_stack/orb_ws/devel/.private/pangolin_catkin/include/pangolin/utils/compontent_cast.h
-- Installing: /media/Extra/flight_stack/orb_ws/devel/.private/pangolin_catkin/include/pangolin/utils/assert.h
-- Installing: /media/Extra/flight_stack/orb_ws/devel/.private/pangolin_catkin/include/pangolin/utils/file_extension.h
-- Installing: /media/Extra/flight_stack/orb_ws/devel/.private/pangolin_catkin/include/pangolin/utils/xml
-- Installing: /media/Extra/flight_stack/orb_ws/devel/.private/pangolin_catkin/include/pangolin/utils/xml/rapidxml_utils.hpp
-- Installing: /media/Extra/flight_stack/orb_ws/devel/.private/pangolin_catkin/include/pangolin/utils/xml/rapidxml_print.hpp
-- Installing: /media/Extra/flight_stack/orb_ws/devel/.private/pangolin_catkin/include/pangolin/utils/xml/rapidxml.hpp
-- Installing: /media/Extra/flight_stack/orb_ws/devel/.private/pangolin_catkin/include/pangolin/utils/xml/rapidxml_iterators.hpp
-- Installing: /media/Extra/flight_stack/orb_ws/devel/.private/pangolin_catkin/include/pangolin/utils/xml/license.txt
-- Installing: /media/Extra/flight_stack/orb_ws/devel/.private/pangolin_catkin/include/pangolin/utils/sigstate.h
-- Installing: /media/Extra/flight_stack/orb_ws/devel/.private/pangolin_catkin/include/pangolin/utils/threadedfilebuf.h
-- Installing: /media/Extra/flight_stack/orb_ws/devel/.private/pangolin_catkin/include/pangolin/utils/registration.h
-- Installing: /media/Extra/flight_stack/orb_ws/devel/.private/pangolin_catkin/include/pangolin/utils/transform.h
-- Installing: /media/Extra/flight_stack/orb_ws/devel/.private/pangolin_catkin/include/pangolin/utils/file_utils.h
-- Installing: /media/Extra/flight_stack/orb_ws/devel/.private/pangolin_catkin/include/pangolin/utils/simple_math.h
-- Installing: /media/Extra/flight_stack/orb_ws/devel/.private/pangolin_catkin/include/pangolin/utils/memstreambuf.h
-- Installing: /media/Extra/flight_stack/orb_ws/devel/.private/pangolin_catkin/include/pangolin/utils/timer.h
-- Installing: /media/Extra/flight_stack/orb_ws/devel/.private/pangolin_catkin/include/pangolin/utils/argagg.hpp
-- Installing: /media/Extra/flight_stack/orb_ws/devel/.private/pangolin_catkin/include/pangolin/utils/uri.h
-- Installing: /media/Extra/flight_stack/orb_ws/devel/.private/pangolin_catkin/include/pangolin/utils/fix_size_buffer_queue.h
-- Installing: /media/Extra/flight_stack/orb_ws/devel/.private/pangolin_catkin/include/pangolin/compat
-- Installing: /media/Extra/flight_stack/orb_ws/devel/.private/pangolin_catkin/include/pangolin/compat/type_traits.h
-- Installing: /media/Extra/flight_stack/orb_ws/devel/.private/pangolin_catkin/include/pangolin/compat/glutbitmap.h
-- Installing: /media/Extra/flight_stack/orb_ws/devel/.private/pangolin_catkin/include/pangolin/compat/ovr.h
-- Installing: /media/Extra/flight_stack/orb_ws/devel/.private/pangolin_catkin/include/pangolin/compat/glconsole.h
-- Installing: /media/Extra/flight_stack/orb_ws/devel/.private/pangolin_catkin/include/pangolin/hud
-- Installing: /media/Extra/flight_stack/orb_ws/devel/.private/pangolin_catkin/include/pangolin/hud/oculus_hud.h
-- Installing: /media/Extra/flight_stack/orb_ws/devel/.private/pangolin_catkin/include/pangolin/handler
-- Installing: /media/Extra/flight_stack/orb_ws/devel/.private/pangolin_catkin/include/pangolin/handler/handler_glbuffer.h
-- Installing: /media/Extra/flight_stack/orb_ws/devel/.private/pangolin_catkin/include/pangolin/handler/handler.h
-- Installing: /media/Extra/flight_stack/orb_ws/devel/.private/pangolin_catkin/include/pangolin/handler/handler_image.h
-- Installing: /media/Extra/flight_stack/orb_ws/devel/.private/pangolin_catkin/include/pangolin/handler/handler_enums.h
-- Installing: /media/Extra/flight_stack/orb_ws/devel/.private/pangolin_catkin/include/pangolin/console
-- Installing: /media/Extra/flight_stack/orb_ws/devel/.private/pangolin_catkin/include/pangolin/console/ConsoleView.h
-- Installing: /media/Extra/flight_stack/orb_ws/devel/.private/pangolin_catkin/include/pangolin/console/ConsoleInterpreter.h
-- Installing: /media/Extra/flight_stack/orb_ws/devel/.private/pangolin_catkin/include/pangolin/image
-- Installing: /media/Extra/flight_stack/orb_ws/devel/.private/pangolin_catkin/include/pangolin/image/image_convert.h
-- Installing: /media/Extra/flight_stack/orb_ws/devel/.private/pangolin_catkin/include/pangolin/image/image_io.h
-- Installing: /media/Extra/flight_stack/orb_ws/devel/.private/pangolin_catkin/include/pangolin/image/memcpy.h
-- Installing: /media/Extra/flight_stack/orb_ws/devel/.private/pangolin_catkin/include/pangolin/image/copy.h
-- Installing: /media/Extra/flight_stack/orb_ws/devel/.private/pangolin_catkin/include/pangolin/image/pixel_format.h
-- Installing: /media/Extra/flight_stack/orb_ws/devel/.private/pangolin_catkin/include/pangolin/image/managed_image.h
-- Installing: /media/Extra/flight_stack/orb_ws/devel/.private/pangolin_catkin/include/pangolin/image/image.h
-- Installing: /media/Extra/flight_stack/orb_ws/devel/.private/pangolin_catkin/include/pangolin/image/image_utils.h
-- Installing: /media/Extra/flight_stack/orb_ws/devel/.private/pangolin_catkin/include/pangolin/image/typed_image.h
-- Installing: /media/Extra/flight_stack/orb_ws/devel/.private/pangolin_catkin/include/pangolin/plot
-- Installing: /media/Extra/flight_stack/orb_ws/devel/.private/pangolin_catkin/include/pangolin/plot/plotter.h
-- Installing: /media/Extra/flight_stack/orb_ws/devel/.private/pangolin_catkin/include/pangolin/plot/range.h
-- Installing: /media/Extra/flight_stack/orb_ws/devel/.private/pangolin_catkin/include/pangolin/plot/datalog.h
-- Installing: /media/Extra/flight_stack/orb_ws/devel/.private/pangolin_catkin/include/pangolin/platform.h
-- Installing: /media/Extra/flight_stack/orb_ws/devel/.private/pangolin_catkin/include/pangolin/scene
-- Installing: /media/Extra/flight_stack/orb_ws/devel/.private/pangolin_catkin/include/pangolin/scene/scenehandler.h
-- Installing: /media/Extra/flight_stack/orb_ws/devel/.private/pangolin_catkin/include/pangolin/scene/interactive.h
-- Installing: /media/Extra/flight_stack/orb_ws/devel/.private/pangolin_catkin/include/pangolin/scene/renderable.h
-- Installing: /media/Extra/flight_stack/orb_ws/devel/.private/pangolin_catkin/include/pangolin/scene/axis.h
-- Installing: /media/Extra/flight_stack/orb_ws/devel/.private/pangolin_catkin/include/pangolin/scene/interactive_index.h
-- Installing: /media/Extra/flight_stack/orb_ws/devel/.private/pangolin_catkin/include/pangolin/gl
-- Installing: /media/Extra/flight_stack/orb_ws/devel/.private/pangolin_catkin/include/pangolin/gl/glglut.h
-- Installing: /media/Extra/flight_stack/orb_ws/devel/.private/pangolin_catkin/include/pangolin/gl/glfont.h
-- Installing: /media/Extra/flight_stack/orb_ws/devel/.private/pangolin_catkin/include/pangolin/gl/glcuda.h
-- Installing: /media/Extra/flight_stack/orb_ws/devel/.private/pangolin_catkin/include/pangolin/gl/glinclude.h
-- Installing: /media/Extra/flight_stack/orb_ws/devel/.private/pangolin_catkin/include/pangolin/gl/glformattraits.h
-- Installing: /media/Extra/flight_stack/orb_ws/devel/.private/pangolin_catkin/include/pangolin/gl/cg.h
-- Installing: /media/Extra/flight_stack/orb_ws/devel/.private/pangolin_catkin/include/pangolin/gl/gl.hpp
-- Installing: /media/Extra/flight_stack/orb_ws/devel/.private/pangolin_catkin/include/pangolin/gl/compat
-- Installing: /media/Extra/flight_stack/orb_ws/devel/.private/pangolin_catkin/include/pangolin/gl/compat/gl_es_compat.h
-- Installing: /media/Extra/flight_stack/orb_ws/devel/.private/pangolin_catkin/include/pangolin/gl/compat/gl2engine.h
-- Installing: /media/Extra/flight_stack/orb_ws/devel/.private/pangolin_catkin/include/pangolin/gl/glchar.h
-- Installing: /media/Extra/flight_stack/orb_ws/devel/.private/pangolin_catkin/include/pangolin/gl/glpixformat.h
-- Installing: /media/Extra/flight_stack/orb_ws/devel/.private/pangolin_catkin/include/pangolin/gl/glvbo.h
-- Installing: /media/Extra/flight_stack/orb_ws/devel/.private/pangolin_catkin/include/pangolin/gl/gltext.h
-- Installing: /media/Extra/flight_stack/orb_ws/devel/.private/pangolin_catkin/include/pangolin/gl/gltexturecache.h
-- Installing: /media/Extra/flight_stack/orb_ws/devel/.private/pangolin_catkin/include/pangolin/gl/glpangoglu.h
-- Installing: /media/Extra/flight_stack/orb_ws/devel/.private/pangolin_catkin/include/pangolin/gl/gldraw.h
-- Installing: /media/Extra/flight_stack/orb_ws/devel/.private/pangolin_catkin/include/pangolin/gl/glplatform.h
-- Installing: /media/Extra/flight_stack/orb_ws/devel/.private/pangolin_catkin/include/pangolin/gl/glstate.h
-- Installing: /media/Extra/flight_stack/orb_ws/devel/.private/pangolin_catkin/include/pangolin/gl/glsl.h
-- Installing: /media/Extra/flight_stack/orb_ws/devel/.private/pangolin_catkin/include/pangolin/gl/gl.h
-- Installing: /media/Extra/flight_stack/orb_ws/devel/.private/pangolin_catkin/include/pangolin/gl/colour.h
-- Installing: /media/Extra/flight_stack/orb_ws/devel/.private/pangolin_catkin/include/pangolin/display
-- Installing: /media/Extra/flight_stack/orb_ws/devel/.private/pangolin_catkin/include/pangolin/display/widgets
-- Installing: /media/Extra/flight_stack/orb_ws/devel/.private/pangolin_catkin/include/pangolin/display/widgets/widgets.h
-- Installing: /media/Extra/flight_stack/orb_ws/devel/.private/pangolin_catkin/include/pangolin/display/image_view.h
-- Installing: /media/Extra/flight_stack/orb_ws/devel/.private/pangolin_catkin/include/pangolin/display/attach.h
-- Installing: /media/Extra/flight_stack/orb_ws/devel/.private/pangolin_catkin/include/pangolin/display/window.h
-- Installing: /media/Extra/flight_stack/orb_ws/devel/.private/pangolin_catkin/include/pangolin/display/opengl_render_state.h
-- Installing: /media/Extra/flight_stack/orb_ws/devel/.private/pangolin_catkin/include/pangolin/display/viewport.h
-- Installing: /media/Extra/flight_stack/orb_ws/devel/.private/pangolin_catkin/include/pangolin/display/view.h
-- Installing: /media/Extra/flight_stack/orb_ws/devel/.private/pangolin_catkin/include/pangolin/display/display.h
-- Installing: /media/Extra/flight_stack/orb_ws/devel/.private/pangolin_catkin/include/pangolin/display/display_internal.h
-- Installing: /media/Extra/flight_stack/orb_ws/devel/.private/pangolin_catkin/include/pangolin/display/user_app.h
-- Installing: /media/Extra/flight_stack/orb_ws/devel/.private/pangolin_catkin/include/pangolin/display/device
-- Installing: /media/Extra/flight_stack/orb_ws/devel/.private/pangolin_catkin/include/pangolin/display/device/X11Window.h
-- Installing: /media/Extra/flight_stack/orb_ws/devel/.private/pangolin_catkin/include/pangolin/display/device/WinWindow.h
-- Installing: /media/Extra/flight_stack/orb_ws/devel/.private/pangolin_catkin/include/pangolin/display/device/display_glut.h
-- Installing: /media/Extra/flight_stack/orb_ws/devel/.private/pangolin_catkin/include/pangolin/display/device/PangolinNSGLView.h
-- Installing: /media/Extra/flight_stack/orb_ws/devel/.private/pangolin_catkin/include/pangolin/display/device/X11GlContext.h
-- Installing: /media/Extra/flight_stack/orb_ws/devel/.private/pangolin_catkin/include/pangolin/display/device/PangolinNSApplication.h
-- Installing: /media/Extra/flight_stack/orb_ws/devel/.private/pangolin_catkin/include/pangolin/display/device/display_android.h
-- Installing: /media/Extra/flight_stack/orb_ws/devel/.private/pangolin_catkin/include/pangolin/display/device/OsxWindow.h
-- Installing: /media/Extra/flight_stack/orb_ws/devel/.private/pangolin_catkin/include/pangolin/tools
-- Installing: /media/Extra/flight_stack/orb_ws/devel/.private/pangolin_catkin/include/pangolin/tools/video_viewer.h
-- Installing: /media/Extra/flight_stack/orb_ws/devel/.private/pangolin_catkin/include/pangolin/pangolin.h
-- Installing: /media/Extra/flight_stack/orb_ws/devel/.private/pangolin_catkin/include/pangolin/video
-- Installing: /media/Extra/flight_stack/orb_ws/devel/.private/pangolin_catkin/include/pangolin/video/video_record_repeat.h
-- Installing: /media/Extra/flight_stack/orb_ws/devel/.private/pangolin_catkin/include/pangolin/video/iostream_operators.h
-- Installing: /media/Extra/flight_stack/orb_ws/devel/.private/pangolin_catkin/include/pangolin/video/video_interface.h
-- Installing: /media/Extra/flight_stack/orb_ws/devel/.private/pangolin_catkin/include/pangolin/video/video.h
-- Installing: /media/Extra/flight_stack/orb_ws/devel/.private/pangolin_catkin/include/pangolin/video/video_exception.h
-- Installing: /media/Extra/flight_stack/orb_ws/devel/.private/pangolin_catkin/include/pangolin/video/stream_info.h
-- Installing: /media/Extra/flight_stack/orb_ws/devel/.private/pangolin_catkin/include/pangolin/video/video_output_interface.h
-- Installing: /media/Extra/flight_stack/orb_ws/devel/.private/pangolin_catkin/include/pangolin/video/drivers
-- Installing: /media/Extra/flight_stack/orb_ws/devel/.private/pangolin_catkin/include/pangolin/video/drivers/deinterlace.h
-- Installing: /media/Extra/flight_stack/orb_ws/devel/.private/pangolin_catkin/include/pangolin/video/drivers/openni2.h
-- Installing: /media/Extra/flight_stack/orb_ws/devel/.private/pangolin_catkin/include/pangolin/video/drivers/mirror.h
-- Installing: /media/Extra/flight_stack/orb_ws/devel/.private/pangolin_catkin/include/pangolin/video/drivers/ffmpeg.h
-- Installing: /media/Extra/flight_stack/orb_ws/devel/.private/pangolin_catkin/include/pangolin/video/drivers/split.h
-- Installing: /media/Extra/flight_stack/orb_ws/devel/.private/pangolin_catkin/include/pangolin/video/drivers/openni_common.h
-- Installing: /media/Extra/flight_stack/orb_ws/devel/.private/pangolin_catkin/include/pangolin/video/drivers/merge.h
-- Installing: /media/Extra/flight_stack/orb_ws/devel/.private/pangolin_catkin/include/pangolin/video/drivers/shared_memory.h
-- Installing: /media/Extra/flight_stack/orb_ws/devel/.private/pangolin_catkin/include/pangolin/video/drivers/pango.h
-- Installing: /media/Extra/flight_stack/orb_ws/devel/.private/pangolin_catkin/include/pangolin/video/drivers/uvc_mediafoundation.h
-- Installing: /media/Extra/flight_stack/orb_ws/devel/.private/pangolin_catkin/include/pangolin/video/drivers/v4l.h
-- Installing: /media/Extra/flight_stack/orb_ws/devel/.private/pangolin_catkin/include/pangolin/video/drivers/shift.h
-- Installing: /media/Extra/flight_stack/orb_ws/devel/.private/pangolin_catkin/include/pangolin/video/drivers/pvn.h
-- Installing: /media/Extra/flight_stack/orb_ws/devel/.private/pangolin_catkin/include/pangolin/video/drivers/images.h
-- Installing: /media/Extra/flight_stack/orb_ws/devel/.private/pangolin_catkin/include/pangolin/video/drivers/teli.h
-- Installing: /media/Extra/flight_stack/orb_ws/devel/.private/pangolin_catkin/include/pangolin/video/drivers/openni.h
-- Installing: /media/Extra/flight_stack/orb_ws/devel/.private/pangolin_catkin/include/pangolin/video/drivers/unpack.h
-- Installing: /media/Extra/flight_stack/orb_ws/devel/.private/pangolin_catkin/include/pangolin/video/drivers/debayer.h
-- Installing: /media/Extra/flight_stack/orb_ws/devel/.private/pangolin_catkin/include/pangolin/video/drivers/realsense.h
-- Installing: /media/Extra/flight_stack/orb_ws/devel/.private/pangolin_catkin/include/pangolin/video/drivers/pango_video_output.h
-- Installing: /media/Extra/flight_stack/orb_ws/devel/.private/pangolin_catkin/include/pangolin/video/drivers/uvc.h
-- Installing: /media/Extra/flight_stack/orb_ws/devel/.private/pangolin_catkin/include/pangolin/video/drivers/firewire.h
-- Installing: /media/Extra/flight_stack/orb_ws/devel/.private/pangolin_catkin/include/pangolin/video/drivers/images_out.h
-- Installing: /media/Extra/flight_stack/orb_ws/devel/.private/pangolin_catkin/include/pangolin/video/drivers/depthsense.h
-- Installing: /media/Extra/flight_stack/orb_ws/devel/.private/pangolin_catkin/include/pangolin/video/drivers/join.h
-- Installing: /media/Extra/flight_stack/orb_ws/devel/.private/pangolin_catkin/include/pangolin/video/drivers/thread.h
-- Installing: /media/Extra/flight_stack/orb_ws/devel/.private/pangolin_catkin/include/pangolin/video/drivers/pleora.h
-- Installing: /media/Extra/flight_stack/orb_ws/devel/.private/pangolin_catkin/include/pangolin/video/drivers/test.h
-- Installing: /media/Extra/flight_stack/orb_ws/devel/.private/pangolin_catkin/include/pangolin/video/video_output.h
-- Installing: /media/Extra/flight_stack/orb_ws/devel/.private/pangolin_catkin/include/pangolin/video/video_input.h
-- Installing: /media/Extra/flight_stack/orb_ws/devel/.private/pangolin_catkin/include/pangolin/video/stream_encoder_factory.h
-- Installing: /media/Extra/flight_stack/orb_ws/devel/.private/pangolin_catkin/include/pangolin/ios
-- Installing: /media/Extra/flight_stack/orb_ws/devel/.private/pangolin_catkin/include/pangolin/ios/PangolinAppDelegate.h
-- Installing: /media/Extra/flight_stack/orb_ws/devel/.private/pangolin_catkin/include/pangolin/ios/PangolinUIView.h
-- Installing: /media/Extra/flight_stack/orb_ws/devel/.private/pangolin_catkin/include/pangolin/python
-- Installing: /media/Extra/flight_stack/orb_ws/devel/.private/pangolin_catkin/include/pangolin/python/PyUniqueObj.h
-- Installing: /media/Extra/flight_stack/orb_ws/devel/.private/pangolin_catkin/include/pangolin/python/PyInterpreter.h
-- Installing: /media/Extra/flight_stack/orb_ws/devel/.private/pangolin_catkin/include/pangolin/python/PyPangoIO.h
-- Installing: /media/Extra/flight_stack/orb_ws/devel/.private/pangolin_catkin/include/pangolin/python/PyModulePangolin.h
-- Installing: /media/Extra/flight_stack/orb_ws/devel/.private/pangolin_catkin/include/pangolin/python/PyVar.h
-- Installing: /media/Extra/flight_stack/orb_ws/devel/.private/pangolin_catkin/lib/libpangolin.so
-- Set runtime path of "/media/Extra/flight_stack/orb_ws/devel/.private/pangolin_catkin/lib/libpangolin.so" to ""
-- Installing: /media/Extra/flight_stack/orb_ws/devel/.private/pangolin_catkin/lib/cmake/Pangolin/PangolinConfig.cmake
-- Installing: /media/Extra/flight_stack/orb_ws/devel/.private/pangolin_catkin/lib/cmake/Pangolin/PangolinConfigVersion.cmake
-- Installing: /media/Extra/flight_stack/orb_ws/devel/.private/pangolin_catkin/lib/cmake/Pangolin/PangolinTargets.cmake
-- Installing: /media/Extra/flight_stack/orb_ws/devel/.private/pangolin_catkin/lib/cmake/Pangolin/PangolinTargets-release.cmake
[ 20%] [34m[1mPerforming install step for 'pangolin_EXTERNAL'[0m
Build type not set (defaults to release)
-DCMAKE_BUILD_TYPE=Debug for debug
-- Python Found and Enabled
-- Eigen Found and Enabled
-- libdc1394 Found and Enabled
-- V4L Found and Enabled
-- ffmpeg Found and Enabled
-- LibRealSense Found and Enabled
-- OpenNI Found and Enabled
-- OpenNI2 Found and Enabled
-- libuvc Found and Enabled
-- libpng Found and Enabled
-- libjpeg Found and Enabled
-- libtiff Found and Enabled
-- libopenexr Found and Enabled
-- Configuring done
-- Generating done
-- Build files have been written to: /media/Extra/flight_stack/orb_ws/build/pangolin_catkin/pangolin_EXTERNAL-prefix/src/pangolin_EXTERNAL-build
make[3]: warning: -jN forced in submake: disabling jobserver mode.
[35m[1mScanning dependencies of target pangolin[0m
[  1%] [32mBuilding CXX object src/CMakeFiles/pangolin.dir/video/video.cpp.o[0m
[  2%] [32mBuilding C object src/CMakeFiles/pangolin.dir/fonts.c.o[0m
[  3%] [32m[1mLinking CXX shared library libpangolin.so[0m
[100%] Built target pangolin
[36mInstall the project...[0m
-- Install configuration: "Release"
-- Installing: /media/Extra/flight_stack/orb_ws/install/include/pangolin/config.h
-- Up-to-date: /media/Extra/flight_stack/orb_ws/install/include/pangolin
-- Installing: /media/Extra/flight_stack/orb_ws/install/include/pangolin/log
-- Installing: /media/Extra/flight_stack/orb_ws/install/include/pangolin/log/packetstream.h
-- Installing: /media/Extra/flight_stack/orb_ws/install/include/pangolin/log/packetstream_source.h
-- Installing: /media/Extra/flight_stack/orb_ws/install/include/pangolin/log/packetstream_writer.h
-- Installing: /media/Extra/flight_stack/orb_ws/install/include/pangolin/log/packet.h
-- Installing: /media/Extra/flight_stack/orb_ws/install/include/pangolin/log/sync_time.h
-- Installing: /media/Extra/flight_stack/orb_ws/install/include/pangolin/log/packetstream_tags.h
-- Installing: /media/Extra/flight_stack/orb_ws/install/include/pangolin/log/playback_session.h
-- Installing: /media/Extra/flight_stack/orb_ws/install/include/pangolin/log/packetstream_reader.h
-- Installing: /media/Extra/flight_stack/orb_ws/install/include/pangolin/factory
-- Installing: /media/Extra/flight_stack/orb_ws/install/include/pangolin/factory/factory_registry.h
-- Installing: /media/Extra/flight_stack/orb_ws/install/include/pangolin/var
-- Installing: /media/Extra/flight_stack/orb_ws/install/include/pangolin/var/varextra.h
-- Installing: /media/Extra/flight_stack/orb_ws/install/include/pangolin/var/varwrapper.h
-- Installing: /media/Extra/flight_stack/orb_ws/install/include/pangolin/var/varvaluegeneric.h
-- Installing: /media/Extra/flight_stack/orb_ws/install/include/pangolin/var/var.h
-- Installing: /media/Extra/flight_stack/orb_ws/install/include/pangolin/var/input_record_repeat.h
-- Installing: /media/Extra/flight_stack/orb_ws/install/include/pangolin/var/varstate.h
-- Installing: /media/Extra/flight_stack/orb_ws/install/include/pangolin/var/varvalue.h
-- Installing: /media/Extra/flight_stack/orb_ws/install/include/pangolin/var/varvaluet.h
-- Installing: /media/Extra/flight_stack/orb_ws/install/include/pangolin/utils
-- Installing: /media/Extra/flight_stack/orb_ws/install/include/pangolin/utils/params.h
-- Installing: /media/Extra/flight_stack/orb_ws/install/include/pangolin/utils/format_string.h
-- Installing: /media/Extra/flight_stack/orb_ws/install/include/pangolin/utils/picojson.h
-- Installing: /media/Extra/flight_stack/orb_ws/install/include/pangolin/utils/signal_slot.h
-- Installing: /media/Extra/flight_stack/orb_ws/install/include/pangolin/utils/posix
-- Installing: /media/Extra/flight_stack/orb_ws/install/include/pangolin/utils/posix/shared_memory_buffer.h
-- Installing: /media/Extra/flight_stack/orb_ws/install/include/pangolin/utils/posix/semaphore.h
-- Installing: /media/Extra/flight_stack/orb_ws/install/include/pangolin/utils/posix/condition_variable.h
-- Installing: /media/Extra/flight_stack/orb_ws/install/include/pangolin/utils/type_convert.h
-- Installing: /media/Extra/flight_stack/orb_ws/install/include/pangolin/utils/log.h
-- Installing: /media/Extra/flight_stack/orb_ws/install/include/pangolin/utils/compontent_cast.h
-- Installing: /media/Extra/flight_stack/orb_ws/install/include/pangolin/utils/assert.h
-- Installing: /media/Extra/flight_stack/orb_ws/install/include/pangolin/utils/file_extension.h
-- Installing: /media/Extra/flight_stack/orb_ws/install/include/pangolin/utils/xml
-- Installing: /media/Extra/flight_stack/orb_ws/install/include/pangolin/utils/xml/rapidxml_utils.hpp
-- Installing: /media/Extra/flight_stack/orb_ws/install/include/pangolin/utils/xml/rapidxml_print.hpp
-- Installing: /media/Extra/flight_stack/orb_ws/install/include/pangolin/utils/xml/rapidxml.hpp
-- Installing: /media/Extra/flight_stack/orb_ws/install/include/pangolin/utils/xml/rapidxml_iterators.hpp
-- Installing: /media/Extra/flight_stack/orb_ws/install/include/pangolin/utils/xml/license.txt
-- Installing: /media/Extra/flight_stack/orb_ws/install/include/pangolin/utils/sigstate.h
-- Installing: /media/Extra/flight_stack/orb_ws/install/include/pangolin/utils/threadedfilebuf.h
-- Installing: /media/Extra/flight_stack/orb_ws/install/include/pangolin/utils/registration.h
-- Installing: /media/Extra/flight_stack/orb_ws/install/include/pangolin/utils/transform.h
-- Installing: /media/Extra/flight_stack/orb_ws/install/include/pangolin/utils/file_utils.h
-- Installing: /media/Extra/flight_stack/orb_ws/install/include/pangolin/utils/simple_math.h
-- Installing: /media/Extra/flight_stack/orb_ws/install/include/pangolin/utils/memstreambuf.h
-- Installing: /media/Extra/flight_stack/orb_ws/install/include/pangolin/utils/timer.h
-- Installing: /media/Extra/flight_stack/orb_ws/install/include/pangolin/utils/argagg.hpp
-- Installing: /media/Extra/flight_stack/orb_ws/install/include/pangolin/utils/uri.h
-- Installing: /media/Extra/flight_stack/orb_ws/install/include/pangolin/utils/fix_size_buffer_queue.h
-- Installing: /media/Extra/flight_stack/orb_ws/install/include/pangolin/compat
-- Installing: /media/Extra/flight_stack/orb_ws/install/include/pangolin/compat/type_traits.h
-- Installing: /media/Extra/flight_stack/orb_ws/install/include/pangolin/compat/glutbitmap.h
-- Installing: /media/Extra/flight_stack/orb_ws/install/include/pangolin/compat/ovr.h
-- Installing: /media/Extra/flight_stack/orb_ws/install/include/pangolin/compat/glconsole.h
-- Installing: /media/Extra/flight_stack/orb_ws/install/include/pangolin/hud
-- Installing: /media/Extra/flight_stack/orb_ws/install/include/pangolin/hud/oculus_hud.h
-- Installing: /media/Extra/flight_stack/orb_ws/install/include/pangolin/handler
-- Installing: /media/Extra/flight_stack/orb_ws/install/include/pangolin/handler/handler_glbuffer.h
-- Installing: /media/Extra/flight_stack/orb_ws/install/include/pangolin/handler/handler.h
-- Installing: /media/Extra/flight_stack/orb_ws/install/include/pangolin/handler/handler_image.h
-- Installing: /media/Extra/flight_stack/orb_ws/install/include/pangolin/handler/handler_enums.h
-- Installing: /media/Extra/flight_stack/orb_ws/install/include/pangolin/console
-- Installing: /media/Extra/flight_stack/orb_ws/install/include/pangolin/console/ConsoleView.h
-- Installing: /media/Extra/flight_stack/orb_ws/install/include/pangolin/console/ConsoleInterpreter.h
-- Installing: /media/Extra/flight_stack/orb_ws/install/include/pangolin/image
-- Installing: /media/Extra/flight_stack/orb_ws/install/include/pangolin/image/image_convert.h
-- Installing: /media/Extra/flight_stack/orb_ws/install/include/pangolin/image/image_io.h
-- Installing: /media/Extra/flight_stack/orb_ws/install/include/pangolin/image/memcpy.h
-- Installing: /media/Extra/flight_stack/orb_ws/install/include/pangolin/image/copy.h
-- Installing: /media/Extra/flight_stack/orb_ws/install/include/pangolin/image/pixel_format.h
-- Installing: /media/Extra/flight_stack/orb_ws/install/include/pangolin/image/managed_image.h
-- Installing: /media/Extra/flight_stack/orb_ws/install/include/pangolin/image/image.h
-- Installing: /media/Extra/flight_stack/orb_ws/install/include/pangolin/image/image_utils.h
-- Installing: /media/Extra/flight_stack/orb_ws/install/include/pangolin/image/typed_image.h
-- Installing: /media/Extra/flight_stack/orb_ws/install/include/pangolin/plot
-- Installing: /media/Extra/flight_stack/orb_ws/install/include/pangolin/plot/plotter.h
-- Installing: /media/Extra/flight_stack/orb_ws/install/include/pangolin/plot/range.h
-- Installing: /media/Extra/flight_stack/orb_ws/install/include/pangolin/plot/datalog.h
-- Installing: /media/Extra/flight_stack/orb_ws/install/include/pangolin/platform.h
-- Installing: /media/Extra/flight_stack/orb_ws/install/include/pangolin/scene
-- Installing: /media/Extra/flight_stack/orb_ws/install/include/pangolin/scene/scenehandler.h
-- Installing: /media/Extra/flight_stack/orb_ws/install/include/pangolin/scene/interactive.h
-- Installing: /media/Extra/flight_stack/orb_ws/install/include/pangolin/scene/renderable.h
-- Installing: /media/Extra/flight_stack/orb_ws/install/include/pangolin/scene/axis.h
-- Installing: /media/Extra/flight_stack/orb_ws/install/include/pangolin/scene/interactive_index.h
-- Installing: /media/Extra/flight_stack/orb_ws/install/include/pangolin/gl
-- Installing: /media/Extra/flight_stack/orb_ws/install/include/pangolin/gl/glglut.h
-- Installing: /media/Extra/flight_stack/orb_ws/install/include/pangolin/gl/glfont.h
-- Installing: /media/Extra/flight_stack/orb_ws/install/include/pangolin/gl/glcuda.h
-- Installing: /media/Extra/flight_stack/orb_ws/install/include/pangolin/gl/glinclude.h
-- Installing: /media/Extra/flight_stack/orb_ws/install/include/pangolin/gl/glformattraits.h
-- Installing: /media/Extra/flight_stack/orb_ws/install/include/pangolin/gl/cg.h
-- Installing: /media/Extra/flight_stack/orb_ws/install/include/pangolin/gl/gl.hpp
-- Installing: /media/Extra/flight_stack/orb_ws/install/include/pangolin/gl/compat
-- Installing: /media/Extra/flight_stack/orb_ws/install/include/pangolin/gl/compat/gl_es_compat.h
-- Installing: /media/Extra/flight_stack/orb_ws/install/include/pangolin/gl/compat/gl2engine.h
-- Installing: /media/Extra/flight_stack/orb_ws/install/include/pangolin/gl/glchar.h
-- Installing: /media/Extra/flight_stack/orb_ws/install/include/pangolin/gl/glpixformat.h
-- Installing: /media/Extra/flight_stack/orb_ws/install/include/pangolin/gl/glvbo.h
-- Installing: /media/Extra/flight_stack/orb_ws/install/include/pangolin/gl/gltext.h
-- Installing: /media/Extra/flight_stack/orb_ws/install/include/pangolin/gl/gltexturecache.h
-- Installing: /media/Extra/flight_stack/orb_ws/install/include/pangolin/gl/glpangoglu.h
-- Installing: /media/Extra/flight_stack/orb_ws/install/include/pangolin/gl/gldraw.h
-- Installing: /media/Extra/flight_stack/orb_ws/install/include/pangolin/gl/glplatform.h
-- Installing: /media/Extra/flight_stack/orb_ws/install/include/pangolin/gl/glstate.h
-- Installing: /media/Extra/flight_stack/orb_ws/install/include/pangolin/gl/glsl.h
-- Installing: /media/Extra/flight_stack/orb_ws/install/include/pangolin/gl/gl.h
-- Installing: /media/Extra/flight_stack/orb_ws/install/include/pangolin/gl/colour.h
-- Installing: /media/Extra/flight_stack/orb_ws/install/include/pangolin/display
-- Installing: /media/Extra/flight_stack/orb_ws/install/include/pangolin/display/widgets
-- Installing: /media/Extra/flight_stack/orb_ws/install/include/pangolin/display/widgets/widgets.h
-- Installing: /media/Extra/flight_stack/orb_ws/install/include/pangolin/display/image_view.h
-- Installing: /media/Extra/flight_stack/orb_ws/install/include/pangolin/display/attach.h
-- Installing: /media/Extra/flight_stack/orb_ws/install/include/pangolin/display/window.h
-- Installing: /media/Extra/flight_stack/orb_ws/install/include/pangolin/display/opengl_render_state.h
-- Installing: /media/Extra/flight_stack/orb_ws/install/include/pangolin/display/viewport.h
-- Installing: /media/Extra/flight_stack/orb_ws/install/include/pangolin/display/view.h
-- Installing: /media/Extra/flight_stack/orb_ws/install/include/pangolin/display/display.h
-- Installing: /media/Extra/flight_stack/orb_ws/install/include/pangolin/display/display_internal.h
-- Installing: /media/Extra/flight_stack/orb_ws/install/include/pangolin/display/user_app.h
-- Installing: /media/Extra/flight_stack/orb_ws/install/include/pangolin/display/device
-- Installing: /media/Extra/flight_stack/orb_ws/install/include/pangolin/display/device/X11Window.h
-- Installing: /media/Extra/flight_stack/orb_ws/install/include/pangolin/display/device/WinWindow.h
-- Installing: /media/Extra/flight_stack/orb_ws/install/include/pangolin/display/device/display_glut.h
-- Installing: /media/Extra/flight_stack/orb_ws/install/include/pangolin/display/device/PangolinNSGLView.h
-- Installing: /media/Extra/flight_stack/orb_ws/install/include/pangolin/display/device/X11GlContext.h
-- Installing: /media/Extra/flight_stack/orb_ws/install/include/pangolin/display/device/PangolinNSApplication.h
-- Installing: /media/Extra/flight_stack/orb_ws/install/include/pangolin/display/device/display_android.h
-- Installing: /media/Extra/flight_stack/orb_ws/install/include/pangolin/display/device/OsxWindow.h
-- Installing: /media/Extra/flight_stack/orb_ws/install/include/pangolin/tools
-- Installing: /media/Extra/flight_stack/orb_ws/install/include/pangolin/tools/video_viewer.h
-- Installing: /media/Extra/flight_stack/orb_ws/install/include/pangolin/pangolin.h
-- Installing: /media/Extra/flight_stack/orb_ws/install/include/pangolin/video
-- Installing: /media/Extra/flight_stack/orb_ws/install/include/pangolin/video/video_record_repeat.h
-- Installing: /media/Extra/flight_stack/orb_ws/install/include/pangolin/video/iostream_operators.h
-- Installing: /media/Extra/flight_stack/orb_ws/install/include/pangolin/video/video_interface.h
-- Installing: /media/Extra/flight_stack/orb_ws/install/include/pangolin/video/video.h
-- Installing: /media/Extra/flight_stack/orb_ws/install/include/pangolin/video/video_exception.h
-- Installing: /media/Extra/flight_stack/orb_ws/install/include/pangolin/video/stream_info.h
-- Installing: /media/Extra/flight_stack/orb_ws/install/include/pangolin/video/video_output_interface.h
-- Installing: /media/Extra/flight_stack/orb_ws/install/include/pangolin/video/drivers
-- Installing: /media/Extra/flight_stack/orb_ws/install/include/pangolin/video/drivers/deinterlace.h
-- Installing: /media/Extra/flight_stack/orb_ws/install/include/pangolin/video/drivers/openni2.h
-- Installing: /media/Extra/flight_stack/orb_ws/install/include/pangolin/video/drivers/mirror.h
-- Installing: /media/Extra/flight_stack/orb_ws/install/include/pangolin/video/drivers/ffmpeg.h
-- Installing: /media/Extra/flight_stack/orb_ws/install/include/pangolin/video/drivers/split.h
-- Installing: /media/Extra/flight_stack/orb_ws/install/include/pangolin/video/drivers/openni_common.h
-- Installing: /media/Extra/flight_stack/orb_ws/install/include/pangolin/video/drivers/merge.h
-- Installing: /media/Extra/flight_stack/orb_ws/install/include/pangolin/video/drivers/shared_memory.h
-- Installing: /media/Extra/flight_stack/orb_ws/install/include/pangolin/video/drivers/pango.h
-- Installing: /media/Extra/flight_stack/orb_ws/install/include/pangolin/video/drivers/uvc_mediafoundation.h
-- Installing: /media/Extra/flight_stack/orb_ws/install/include/pangolin/video/drivers/v4l.h
-- Installing: /media/Extra/flight_stack/orb_ws/install/include/pangolin/video/drivers/shift.h
-- Installing: /media/Extra/flight_stack/orb_ws/install/include/pangolin/video/drivers/pvn.h
-- Installing: /media/Extra/flight_stack/orb_ws/install/include/pangolin/video/drivers/images.h
-- Installing: /media/Extra/flight_stack/orb_ws/install/include/pangolin/video/drivers/teli.h
-- Installing: /media/Extra/flight_stack/orb_ws/install/include/pangolin/video/drivers/openni.h
-- Installing: /media/Extra/flight_stack/orb_ws/install/include/pangolin/video/drivers/unpack.h
-- Installing: /media/Extra/flight_stack/orb_ws/install/include/pangolin/video/drivers/debayer.h
-- Installing: /media/Extra/flight_stack/orb_ws/install/include/pangolin/video/drivers/realsense.h
-- Installing: /media/Extra/flight_stack/orb_ws/install/include/pangolin/video/drivers/pango_video_output.h
-- Installing: /media/Extra/flight_stack/orb_ws/install/include/pangolin/video/drivers/uvc.h
-- Installing: /media/Extra/flight_stack/orb_ws/install/include/pangolin/video/drivers/firewire.h
-- Installing: /media/Extra/flight_stack/orb_ws/install/include/pangolin/video/drivers/images_out.h
-- Installing: /media/Extra/flight_stack/orb_ws/install/include/pangolin/video/drivers/depthsense.h
-- Installing: /media/Extra/flight_stack/orb_ws/install/include/pangolin/video/drivers/join.h
-- Installing: /media/Extra/flight_stack/orb_ws/install/include/pangolin/video/drivers/thread.h
-- Installing: /media/Extra/flight_stack/orb_ws/install/include/pangolin/video/drivers/pleora.h
-- Installing: /media/Extra/flight_stack/orb_ws/install/include/pangolin/video/drivers/test.h
-- Installing: /media/Extra/flight_stack/orb_ws/install/include/pangolin/video/video_output.h
-- Installing: /media/Extra/flight_stack/orb_ws/install/include/pangolin/video/video_input.h
-- Installing: /media/Extra/flight_stack/orb_ws/install/include/pangolin/video/stream_encoder_factory.h
-- Installing: /media/Extra/flight_stack/orb_ws/install/include/pangolin/ios
-- Installing: /media/Extra/flight_stack/orb_ws/install/include/pangolin/ios/PangolinAppDelegate.h
-- Installing: /media/Extra/flight_stack/orb_ws/install/include/pangolin/ios/PangolinUIView.h
-- Installing: /media/Extra/flight_stack/orb_ws/install/include/pangolin/python
-- Installing: /media/Extra/flight_stack/orb_ws/install/include/pangolin/python/PyUniqueObj.h
-- Installing: /media/Extra/flight_stack/orb_ws/install/include/pangolin/python/PyInterpreter.h
-- Installing: /media/Extra/flight_stack/orb_ws/install/include/pangolin/python/PyPangoIO.h
-- Installing: /media/Extra/flight_stack/orb_ws/install/include/pangolin/python/PyModulePangolin.h
-- Installing: /media/Extra/flight_stack/orb_ws/install/include/pangolin/python/PyVar.h
-- Installing: /media/Extra/flight_stack/orb_ws/install/lib/libpangolin.so
-- Set runtime path of "/media/Extra/flight_stack/orb_ws/install/lib/libpangolin.so" to ""
-- Installing: /media/Extra/flight_stack/orb_ws/install/lib/cmake/Pangolin/PangolinConfig.cmake
-- Installing: /media/Extra/flight_stack/orb_ws/install/lib/cmake/Pangolin/PangolinConfigVersion.cmake
-- Installing: /media/Extra/flight_stack/orb_ws/install/lib/cmake/Pangolin/PangolinTargets.cmake
-- Installing: /media/Extra/flight_stack/orb_ws/install/lib/cmake/Pangolin/PangolinTargets-release.cmake
[ 30%] [34m[1mCompleted 'pangolin_EXTERNAL'[0m
[ 80%] Built target pangolin_EXTERNAL
[35m[1mScanning dependencies of target pangolin_catkin[0m
[ 90%] [32mBuilding CXX object CMakeFiles/pangolin_catkin.dir/src/empty.cpp.o[0m
[100%] [32m[1mLinking CXX shared library /media/Extra/flight_stack/orb_ws/devel/.private/pangolin_catkin/lib/libpangolin_catkin.so[0m
[100%] Built target pangolin_catkin
