[33m[1mCMake Warning[0m at /opt/ros/kinetic/share/catkin/cmake/catkinConfig.cmake:76 (find_package):
  Could not find a package configuration file provided by "nlopt" with any of
  the following names:

    nloptConfig.cmake
    nlopt-config.cmake

  Add the installation prefix of "nlopt" to CMAKE_PREFIX_PATH or set
  "nlopt_DIR" to a directory containing one of the above files.  If "nlopt"
  provides a separate development package or SDK, be sure it has been
  installed.
[36mCall Stack (most recent call first):[0m
  CMakeLists.txt:9 (find_package)


[31m[1mCMake Error[0m at /opt/ros/kinetic/share/catkin/cmake/catkinConfig.cmake:83 (find_package):
  Could not find a package configuration file provided by "nlopt" with any of
  the following names:

    nloptConfig.cmake
    nlopt-config.cmake

  Add the installation prefix of "nlopt" to CMAKE_PREFIX_PATH or set
  "nlopt_DIR" to a directory containing one of the above files.  If "nlopt"
  provides a separate development package or SDK, be sure it has been
  installed.
[36mCall Stack (most recent call first):[0m
  CMakeLists.txt:9 (find_package)


