[  8%] Built target image_undistort_node
[ 16%] Built target stereo_undistort_node
[ 24%] Built target depth_node
[ 24%] Built target std_msgs_generate_messages_lisp
[ 24%] Built target sensor_msgs_generate_messages_eus
[ 24%] Built target actionlib_generate_messages_nodejs
[ 24%] Built target actionlib_msgs_generate_messages_cpp
[ 24%] Built target sensor_msgs_generate_messages_cpp
[ 24%] Built target pcl_msgs_generate_messages_eus
[ 24%] Built target rosgraph_msgs_generate_messages_cpp
[ 24%] Built target nodelet_topic_tools_gencfg
[ 24%] Built target tf2_msgs_generate_messages_nodejs
[ 24%] Built target bond_generate_messages_lisp
[ 24%] Built target nodelet_generate_messages_eus
[ 24%] Built target topic_tools_generate_messages_cpp
[ 24%] Built target topic_tools_generate_messages_eus
[ 24%] Built target bond_generate_messages_eus
[ 24%] Built target roscpp_generate_messages_eus
[ 24%] Built target nodelet_generate_messages_nodejs
[ 24%] Built target pcl_msgs_generate_messages_nodejs
[ 24%] Built target std_srvs_generate_messages_nodejs
[ 24%] Built target dynamic_reconfigure_gencfg
[ 24%] Built target bond_generate_messages_nodejs
[ 24%] Built target pcl_msgs_generate_messages_py
[ 24%] Built target dynamic_reconfigure_generate_messages_eus
[ 24%] Built target roscpp_generate_messages_py
[ 24%] Built target nodelet_generate_messages_cpp
[ 24%] Built target std_msgs_generate_messages_nodejs
[ 24%] Built target roscpp_generate_messages_cpp
[ 24%] Built target bond_generate_messages_cpp
[ 24%] Built target nodelet_generate_messages_py
[ 24%] Built target nodelet_generate_messages_lisp
[ 24%] Built target std_srvs_generate_messages_eus
[ 24%] Built target tf_generate_messages_cpp
[ 24%] Built target rosgraph_msgs_generate_messages_nodejs
[ 24%] Built target tf_generate_messages_lisp
[ 24%] Built target rosgraph_msgs_generate_messages_lisp
[ 24%] Built target dynamic_reconfigure_generate_messages_nodejs
[ 24%] Built target rosgraph_msgs_generate_messages_eus
[ 24%] Built target dynamic_reconfigure_generate_messages_lisp
[ 24%] Built target std_msgs_generate_messages_py
[ 24%] Built target tf2_msgs_generate_messages_eus
[ 24%] Built target pcl_ros_gencfg
[ 24%] Built target geometry_msgs_generate_messages_cpp
[ 24%] Built target tf_generate_messages_nodejs
[ 24%] Built target std_srvs_generate_messages_py
[ 24%] Built target bond_generate_messages_py
[ 24%] Built target geometry_msgs_generate_messages_py
[ 24%] Built target geometry_msgs_generate_messages_lisp
[ 24%] Built target std_srvs_generate_messages_lisp
[ 24%] Built target dynamic_reconfigure_generate_messages_cpp
[ 24%] Built target std_msgs_generate_messages_cpp
[ 24%] Built target sensor_msgs_generate_messages_nodejs
[ 24%] Built target roscpp_generate_messages_nodejs
[ 24%] Built target roscpp_generate_messages_lisp
[ 24%] Built target sensor_msgs_generate_messages_py
[ 24%] Built target actionlib_generate_messages_cpp
[ 24%] Built target rosgraph_msgs_generate_messages_py
[ 24%] Built target pcl_msgs_generate_messages_lisp
[ 24%] Built target geometry_msgs_generate_messages_eus
[ 24%] Built target geometry_msgs_generate_messages_nodejs
[ 24%] Built target std_srvs_generate_messages_cpp
[ 24%] Built target pcl_msgs_generate_messages_cpp
[ 24%] Built target topic_tools_generate_messages_lisp
[ 24%] Built target topic_tools_generate_messages_nodejs
[ 24%] Built target sensor_msgs_generate_messages_lisp
[ 24%] Built target topic_tools_generate_messages_py
[ 24%] Built target tf2_msgs_generate_messages_py
[ 24%] Built target actionlib_msgs_generate_messages_nodejs
[ 24%] Built target tf_generate_messages_eus
[ 24%] Built target tf_generate_messages_py
[ 24%] Built target actionlib_generate_messages_eus
[ 24%] Built target std_msgs_generate_messages_eus
[ 24%] Built target actionlib_generate_messages_lisp
[ 24%] Built target actionlib_msgs_generate_messages_eus
[ 24%] Built target dynamic_reconfigure_generate_messages_py
[ 24%] Built target actionlib_generate_messages_py
[ 24%] Built target actionlib_msgs_generate_messages_lisp
[ 24%] Built target actionlib_msgs_generate_messages_py
[ 24%] Built target tf2_msgs_generate_messages_cpp
[ 24%] Built target tf2_msgs_generate_messages_lisp
[ 24%] Built target libnlopt_cxx
[ 32%] Built target dense_stereo_node
[ 40%] Built target stereo_info_node
[ 48%] Built target point_to_bearing_node
[100%] Built target image_undistort_nodelet
