Determining if the pthread_create exist failed with the following output:
Change Dir: /media/Extra/flight_stack/orb_ws/build/orb_slam_2_catkin/CMakeFiles/CMakeTmp

Run Build Command:"/usr/bin/make" "cmTC_3837b/fast"
/usr/bin/make -f CMakeFiles/cmTC_3837b.dir/build.make CMakeFiles/cmTC_3837b.dir/build
make[1]: Entering directory '/media/Extra/flight_stack/orb_ws/build/orb_slam_2_catkin/CMakeFiles/CMakeTmp'
Building C object CMakeFiles/cmTC_3837b.dir/CheckSymbolExists.c.o
/usr/bin/cc     -o CMakeFiles/cmTC_3837b.dir/CheckSymbolExists.c.o   -c /media/Extra/flight_stack/orb_ws/build/orb_slam_2_catkin/CMakeFiles/CMakeTmp/CheckSymbolExists.c
Linking C executable cmTC_3837b
/usr/bin/cmake -E cmake_link_script CMakeFiles/cmTC_3837b.dir/link.txt --verbose=1
/usr/bin/cc       CMakeFiles/cmTC_3837b.dir/CheckSymbolExists.c.o  -o cmTC_3837b -rdynamic 
CMakeFiles/cmTC_3837b.dir/CheckSymbolExists.c.o: In function `main':
CheckSymbolExists.c:(.text+0x16): undefined reference to `pthread_create'
collect2: error: ld returned 1 exit status
CMakeFiles/cmTC_3837b.dir/build.make:97: recipe for target 'cmTC_3837b' failed
make[1]: *** [cmTC_3837b] Error 1
make[1]: Leaving directory '/media/Extra/flight_stack/orb_ws/build/orb_slam_2_catkin/CMakeFiles/CMakeTmp'
Makefile:126: recipe for target 'cmTC_3837b/fast' failed
make: *** [cmTC_3837b/fast] Error 2

File /media/Extra/flight_stack/orb_ws/build/orb_slam_2_catkin/CMakeFiles/CMakeTmp/CheckSymbolExists.c:
/* */
#include <pthread.h>

int main(int argc, char** argv)
{
  (void)argv;
#ifndef pthread_create
  return ((int*)(&pthread_create))[argc];
#else
  (void)argc;
  return 0;
#endif
}

Determining if the function pthread_create exists in the pthreads failed with the following output:
Change Dir: /media/Extra/flight_stack/orb_ws/build/orb_slam_2_catkin/CMakeFiles/CMakeTmp

Run Build Command:"/usr/bin/make" "cmTC_22065/fast"
/usr/bin/make -f CMakeFiles/cmTC_22065.dir/build.make CMakeFiles/cmTC_22065.dir/build
make[1]: Entering directory '/media/Extra/flight_stack/orb_ws/build/orb_slam_2_catkin/CMakeFiles/CMakeTmp'
Building C object CMakeFiles/cmTC_22065.dir/CheckFunctionExists.c.o
/usr/bin/cc    -DCHECK_FUNCTION_EXISTS=pthread_create   -o CMakeFiles/cmTC_22065.dir/CheckFunctionExists.c.o   -c /usr/share/cmake-3.5/Modules/CheckFunctionExists.c
Linking C executable cmTC_22065
/usr/bin/cmake -E cmake_link_script CMakeFiles/cmTC_22065.dir/link.txt --verbose=1
/usr/bin/cc   -DCHECK_FUNCTION_EXISTS=pthread_create    CMakeFiles/cmTC_22065.dir/CheckFunctionExists.c.o  -o cmTC_22065 -rdynamic -lpthreads 
/usr/bin/ld: cannot find -lpthreads
collect2: error: ld returned 1 exit status
CMakeFiles/cmTC_22065.dir/build.make:97: recipe for target 'cmTC_22065' failed
make[1]: *** [cmTC_22065] Error 1
make[1]: Leaving directory '/media/Extra/flight_stack/orb_ws/build/orb_slam_2_catkin/CMakeFiles/CMakeTmp'
Makefile:126: recipe for target 'cmTC_22065/fast' failed
make: *** [cmTC_22065/fast] Error 2


